{"meta": {"format": 3, "version": "7.13.0", "timestamp": "2025-12-19T00:50:04.991525", "branch_coverage": false, "show_contexts": false}, "files": {"api/__init__.py": {"executed_lines": [1], "summary": {"covered_lines": 0, "num_statements": 0, "percent_covered": 100.0, "percent_covered_display": "100.00", "missing_lines": 0, "excluded_lines": 0, "percent_statements_covered": 100.0, "percent_statements_covered_display": "100.00"}, "missing_lines": [], "excluded_lines": [], "functions": {"": {"executed_lines": [1], "summary": {"covered_lines": 0, "num_statements": 0, "percent_covered": 100.0, "percent_covered_display": "100.00", "missing_lines": 0, "excluded_lines": 0, "percent_statements_covered": 100.0, "percent_statements_covered_display": "100.00"}, "missing_lines": [], "excluded_lines": []}}, "classes": {"": {"executed_lines": [1], "summary": {"covered_lines": 0, "num_statements": 0, "percent_covered": 100.0, "percent_covered_display": "100.00", "missing_lines": 0, "excluded_lines": 0, "percent_statements_covered": 100.0, "percent_statements_covered_display": "100.00"}, "missing_lines": [], "excluded_lines": []}}}, "api/logging_config.py": {"executed_lines": [1, 10, 11, 12, 13, 14, 15, 18, 19, 22, 23, 24, 27, 28, 30, 31, 34, 43, 45, 46, 47, 49, 51, 69, 70, 73, 77, 83, 84, 85, 86, 89, 90, 91, 92, 93, 94, 96, 98, 100, 101, 103, 107, 113, 114, 120, 121, 123, 125, 127, 134, 142, 145, 146, 147, 150, 151, 152, 153], "summary": {"covered_lines": 57, "num_statements": 59, "percent_covered": 96.61016949152543, "percent_covered_display": "96.61", "missing_lines": 2, "excluded_lines": 0, "percent_statements_covered": 96.61016949152543, "percent_statements_covered_display": "96.61"}, "missing_lines": [74, 104], "excluded_lines": [], "functions": {"ColoredFormatter.format": {"executed_lines": [45, 46, 47, 49], "summary": {"covered_lines": 4, "num_statements": 4, "percent_covered": 100.0, "percent_covered_display": "100.00", "missing_lines": 0, "excluded_lines": 0, "percent_statements_covered": 100.0, "percent_statements_covered_display": "100.00"}, "missing_lines": [], "excluded_lines": []}, "setup_logger": {"executed_lines": [69, 70, 73, 77, 83, 84, 85, 86, 89, 90, 91, 92, 93, 94, 96], "summary": {"covered_lines": 15, "num_statements": 16, "percent_covered": 93.75, "percent_covered_display": "93.75", "missing_lines": 1, "excluded_lines": 0, "percent_statements_covered": 93.75, "percent_statements_covered_display": "93.75"}, "missing_lines": [74], "excluded_lines": []}, "setup_error_logger": {"executed_lines": [100, 101, 103, 107, 113, 114, 120, 121, 123], "summary": {"covered_lines": 9, "num_statements": 10, "percent_covered": 90.0, "percent_covered_display": "90.00", "missing_lines": 1, "excluded_lines": 0, "percent_statements_covered": 90.0, "percent_statements_covered_display": "90.00"}, "missing_lines": [104], "excluded_lines": []}, "setup_research_logger": {"executed_lines": [127], "summary": {"covered_lines": 1, "num_statements": 1, "percent_covered": 100.0, "percent_covered_display": "100.00", "missing_lines": 0, "excluded_lines": 0, "percent_statements_covered": 100.0, "percent_statements_covered_display": "100.00"}, "missing_lines": [], "excluded_lines": []}, "get_logger": {"executed_lines": [142], "summary": {"covered_lines": 1, "num_statements": 1, "percent_covered": 100.0, "percent_covered_display": "100.00", "missing_lines": 0, "excluded_lines": 0, "percent_statements_covered": 100.0, "percent_statements_covered_display": "100.00"}, "missing_lines": [], "excluded_lines": []}, "": {"executed_lines": [1, 10, 11, 12, 13, 14, 15, 18, 19, 22, 23, 24, 27, 28, 30, 31, 34, 43, 51, 98, 125, 134, 145, 146, 147, 150, 151, 152, 153], "summary": {"covered_lines": 27, "num_statements": 27, "percent_covered": 100.0, "percent_covered_display": "100.00", "missing_lines": 0, "excluded_lines": 0, "percent_statements_covered": 100.0, "percent_statements_covered_display": "100.00"}, "missing_lines": [], "excluded_lines": []}}, "classes": {"ColoredFormatter": {"executed_lines": [45, 46, 47, 49], "summary": {"covered_lines": 4, "num_statements": 4, "percent_covered": 100.0, "percent_covered_display": "100.00", "missing_lines": 0, "excluded_lines": 0, "percent_statements_covered": 100.0, "percent_statements_covered_display": "100.00"}, "missing_lines": [], "excluded_lines": []}, "": {"executed_lines": [1, 10, 11, 12, 13, 14, 15, 18, 19, 22, 23, 24, 27, 28, 30, 31, 34, 43, 51, 69, 70, 73, 77, 83, 84, 85, 86, 89, 90, 91, 92, 93, 94, 96, 98, 100, 101, 103, 107, 113, 114, 120, 121, 123, 125, 127, 134, 142, 145, 146, 147, 150, 151, 152, 153], "summary": {"covered_lines": 53, "num_statements": 55, "percent_covered": 96.36363636363636, "percent_covered_display": "96.36", "missing_lines": 2, "excluded_lines": 0, "percent_statements_covered": 96.36363636363636, "percent_statements_covered_display": "96.36"}, "missing_lines": [74, 104], "excluded_lines": []}}}, "api/main.py": {"executed_lines": [1, 4, 5, 6, 7, 8, 9, 10, 13, 15, 22, 23, 25, 28, 30, 31, 34, 37, 43, 66, 75, 76, 77, 78, 80, 81, 95, 96, 105, 106, 110], "summary": {"covered_lines": 29, "num_statements": 42, "percent_covered": 69.04761904761905, "percent_covered_display": "69.05", "missing_lines": 13, "excluded_lines": 4, "percent_statements_covered": 69.04761904761905, "percent_statements_covered_display": "69.05"}, "missing_lines": [45, 46, 47, 55, 83, 84, 98, 99, 100, 101, 102, 103, 108], "excluded_lines": [110, 111, 112, 113], "functions": {"log_requests": {"executed_lines": [25, 28, 30, 31, 34, 37, 43], "summary": {"covered_lines": 7, "num_statements": 11, "percent_covered": 63.63636363636363, "percent_covered_display": "63.64", "missing_lines": 4, "excluded_lines": 0, "percent_statements_covered": 63.63636363636363, "percent_statements_covered_display": "63.64"}, "missing_lines": [45, 46, 47, 55], "excluded_lines": []}, "root": {"executed_lines": [], "summary": {"covered_lines": 0, "num_statements": 2, "percent_covered": 0.0, "percent_covered_display": "0.00", "missing_lines": 2, "excluded_lines": 0, "percent_statements_covered": 0.0, "percent_statements_covered_display": "0.00"}, "missing_lines": [83, 84], "excluded_lines": []}, "startup_event": {"executed_lines": [], "summary": {"covered_lines": 0, "num_statements": 6, "percent_covered": 0.0, "percent_covered_display": "0.00", "missing_lines": 6, "excluded_lines": 0, "percent_statements_covered": 0.0, "percent_statements_covered_display": "0.00"}, "missing_lines": [98, 99, 100, 101, 102, 103], "excluded_lines": []}, "shutdown_event": {"executed_lines": [], "summary": {"covered_lines": 0, "num_statements": 1, "percent_covered": 0.0, "percent_covered_display": "0.00", "missing_lines": 1, "excluded_lines": 0, "percent_statements_covered": 0.0, "percent_statements_covered_display": "0.00"}, "missing_lines": [108], "excluded_lines": []}, "": {"executed_lines": [1, 4, 5, 6, 7, 8, 9, 10, 13, 15, 22, 23, 66, 75, 76, 77, 78, 80, 81, 95, 96, 105, 106, 110], "summary": {"covered_lines": 22, "num_statements": 22, "percent_covered": 100.0, "percent_covered_display": "100.00", "missing_lines": 0, "excluded_lines": 4, "percent_statements_covered": 100.0, "percent_statements_covered_display": "100.00"}, "missing_lines": [], "excluded_lines": [110, 111, 112, 113]}}, "classes": {"": {"executed_lines": [1, 4, 5, 6, 7, 8, 9, 10, 13, 15, 22, 23, 25, 28, 30, 31, 34, 37, 43, 66, 75, 76, 77, 78, 80, 81, 95, 96, 105, 106, 110], "summary": {"covered_lines": 29, "num_statements": 42, "percent_covered": 69.04761904761905, "percent_covered_display": "69.05", "missing_lines": 13, "excluded_lines": 4, "percent_statements_covered": 69.04761904761905, "percent_statements_covered_display": "69.05"}, "missing_lines": [45, 46, 47, 55, 83, 84, 98, 99, 100, 101, 102, 103, 108], "excluded_lines": [110, 111, 112, 113]}}}, "api/routes/__init__.py": {"executed_lines": [1], "summary": {"covered_lines": 0, "num_statements": 0, "percent_covered": 100.0, "percent_covered_display": "100.00", "missing_lines": 0, "excluded_lines": 0, "percent_statements_covered": 100.0, "percent_statements_covered_display": "100.00"}, "missing_lines": [], "excluded_lines": [], "functions": {"": {"executed_lines": [1], "summary": {"covered_lines": 0, "num_statements": 0, "percent_covered": 100.0, "percent_covered_display": "100.00", "missing_lines": 0, "excluded_lines": 0, "percent_statements_covered": 100.0, "percent_statements_covered_display": "100.00"}, "missing_lines": [], "excluded_lines": []}}, "classes": {"": {"executed_lines": [1], "summary": {"covered_lines": 0, "num_statements": 0, "percent_covered": 100.0, "percent_covered_display": "100.00", "missing_lines": 0, "excluded_lines": 0, "percent_statements_covered": 100.0, "percent_statements_covered_display": "100.00"}, "missing_lines": [], "excluded_lines": []}}}, "api/routes/futu.py": {"executed_lines": [1, 4, 5, 6, 7, 8, 9, 11, 12, 14, 15, 16, 17, 18, 19, 20, 21, 22, 23, 24, 25, 27, 28, 29, 30, 31, 32, 33, 34, 36, 37, 38, 39, 40, 41, 42, 43, 44, 45, 46, 47, 48, 50, 51, 73, 74, 98, 99], "summary": {"covered_lines": 47, "num_statements": 79, "percent_covered": 59.49367088607595, "percent_covered_display": "59.49", "missing_lines": 32, "excluded_lines": 0, "percent_statements_covered": 59.49367088607595, "percent_statements_covered_display": "59.49"}, "missing_lines": [59, 60, 61, 63, 64, 66, 67, 69, 70, 71, 82, 83, 84, 86, 87, 89, 90, 92, 93, 94, 95, 96, 105, 106, 108, 109, 111, 113, 114, 115, 116, 117], "excluded_lines": [], "functions": {"get_positions": {"executed_lines": [], "summary": {"covered_lines": 0, "num_statements": 10, "percent_covered": 0.0, "percent_covered_display": "0.00", "missing_lines": 10, "excluded_lines": 0, "percent_statements_covered": 0.0, "percent_statements_covered_display": "0.00"}, "missing_lines": [59, 60, 61, 63, 64, 66, 67, 69, 70, 71], "excluded_lines": []}, "get_account_info": {"executed_lines": [], "summary": {"covered_lines": 0, "num_statements": 12, "percent_covered": 0.0, "percent_covered_display": "0.00", "missing_lines": 12, "excluded_lines": 0, "percent_statements_covered": 0.0, "percent_statements_covered_display": "0.00"}, "missing_lines": [82, 83, 84, 86, 87, 89, 90, 92, 93, 94, 95, 96], "excluded_lines": []}, "get_futu_quote": {"executed_lines": [], "summary": {"covered_lines": 0, "num_statements": 10, "percent_covered": 0.0, "percent_covered_display": "0.00", "missing_lines": 10, "excluded_lines": 0, "percent_statements_covered": 0.0, "percent_statements_covered_display": "0.00"}, "missing_lines": [105, 106, 108, 109, 111, 113, 114, 115, 116, 117], "excluded_lines": []}, "": {"executed_lines": [1, 4, 5, 6, 7, 8, 9, 11, 12, 14, 15, 16, 17, 18, 19, 20, 21, 22, 23, 24, 25, 27, 28, 29, 30, 31, 32, 33, 34, 36, 37, 38, 39, 40, 41, 42, 43, 44, 45, 46, 47, 48, 50, 51, 73, 74, 98, 99], "summary": {"covered_lines": 47, "num_statements": 47, "percent_covered": 100.0, "percent_covered_display": "100.00", "missing_lines": 0, "excluded_lines": 0, "percent_statements_covered": 100.0, "percent_statements_covered_display": "100.00"}, "missing_lines": [], "excluded_lines": []}}, "classes": {"Position": {"executed_lines": [], "summary": {"covered_lines": 0, "num_statements": 0, "percent_covered": 100.0, "percent_covered_display": "100.00", "missing_lines": 0, "excluded_lines": 0, "percent_statements_covered": 100.0, "percent_statements_covered_display": "100.00"}, "missing_lines": [], "excluded_lines": []}, "AccountInfo": {"executed_lines": [], "summary": {"covered_lines": 0, "num_statements": 0, "percent_covered": 100.0, "percent_covered_display": "100.00", "missing_lines": 0, "excluded_lines": 0, "percent_statements_covered": 100.0, "percent_statements_covered_display": "100.00"}, "missing_lines": [], "excluded_lines": []}, "FutuQuote": {"executed_lines": [], "summary": {"covered_lines": 0, "num_statements": 0, "percent_covered": 100.0, "percent_covered_display": "100.00", "missing_lines": 0, "excluded_lines": 0, "percent_statements_covered": 100.0, "percent_statements_covered_display": "100.00"}, "missing_lines": [], "excluded_lines": []}, "": {"executed_lines": [1, 4, 5, 6, 7, 8, 9, 11, 12, 14, 15, 16, 17, 18, 19, 20, 21, 22, 23, 24, 25, 27, 28, 29, 30, 31, 32, 33, 34, 36, 37, 38, 39, 40, 41, 42, 43, 44, 45, 46, 47, 48, 50, 51, 73, 74, 98, 99], "summary": {"covered_lines": 47, "num_statements": 79, "percent_covered": 59.49367088607595, "percent_covered_display": "59.49", "missing_lines": 32, "excluded_lines": 0, "percent_statements_covered": 59.49367088607595, "percent_statements_covered_display": "59.49"}, "missing_lines": [59, 60, 61, 63, 64, 66, 67, 69, 70, 71, 82, 83, 84, 86, 87, 89, 90, 92, 93, 94, 95, 96, 105, 106, 108, 109, 111, 113, 114, 115, 116, 117], "excluded_lines": []}}}, "api/routes/market.py": {"executed_lines": [1, 4, 5, 6, 7, 8, 10, 11, 13, 14, 15, 16, 17, 18, 19, 20, 21, 22, 23, 24, 25, 27, 28, 29, 30, 31, 32, 33, 34, 36, 37, 38, 39, 40, 41, 42, 43, 44, 45, 46, 47, 48, 50, 51, 62, 63, 79, 80, 99, 100, 106, 107], "summary": {"covered_lines": 51, "num_statements": 69, "percent_covered": 73.91304347826087, "percent_covered_display": "73.91", "missing_lines": 18, "excluded_lines": 0, "percent_statements_covered": 73.91304347826087, "percent_statements_covered_display": "73.91"}, "missing_lines": [57, 58, 59, 60, 71, 72, 74, 75, 77, 92, 94, 95, 97, 104, 111, 112, 113, 114], "excluded_lines": [], "functions": {"get_stock_quote": {"executed_lines": [], "summary": {"covered_lines": 0, "num_statements": 4, "percent_covered": 0.0, "percent_covered_display": "0.00", "missing_lines": 4, "excluded_lines": 0, "percent_statements_covered": 0.0, "percent_statements_covered_display": "0.00"}, "missing_lines": [57, 58, 59, 60], "excluded_lines": []}, "get_multiple_quotes": {"executed_lines": [], "summary": {"covered_lines": 0, "num_statements": 5, "percent_covered": 0.0, "percent_covered_display": "0.00", "missing_lines": 5, "excluded_lines": 0, "percent_statements_covered": 0.0, "percent_statements_covered_display": "0.00"}, "missing_lines": [71, 72, 74, 75, 77], "excluded_lines": []}, "get_historical_data": {"executed_lines": [], "summary": {"covered_lines": 0, "num_statements": 4, "percent_covered": 0.0, "percent_covered_display": "0.00", "missing_lines": 4, "excluded_lines": 0, "percent_statements_covered": 0.0, "percent_statements_covered_display": "0.00"}, "missing_lines": [92, 94, 95, 97], "excluded_lines": []}, "get_trending_stocks": {"executed_lines": [], "summary": {"covered_lines": 0, "num_statements": 1, "percent_covered": 0.0, "percent_covered_display": "0.00", "missing_lines": 1, "excluded_lines": 0, "percent_statements_covered": 0.0, "percent_statements_covered_display": "0.00"}, "missing_lines": [104], "excluded_lines": []}, "get_stock_metrics": {"executed_lines": [], "summary": {"covered_lines": 0, "num_statements": 4, "percent_covered": 0.0, "percent_covered_display": "0.00", "missing_lines": 4, "excluded_lines": 0, "percent_statements_covered": 0.0, "percent_statements_covered_display": "0.00"}, "missing_lines": [111, 112, 113, 114], "excluded_lines": []}, "": {"executed_lines": [1, 4, 5, 6, 7, 8, 10, 11, 13, 14, 15, 16, 17, 18, 19, 20, 21, 22, 23, 24, 25, 27, 28, 29, 30, 31, 32, 33, 34, 36, 37, 38, 39, 40, 41, 42, 43, 44, 45, 46, 47, 48, 50, 51, 62, 63, 79, 80, 99, 100, 106, 107], "summary": {"covered_lines": 51, "num_statements": 51, "percent_covered": 100.0, "percent_covered_display": "100.00", "missing_lines": 0, "excluded_lines": 0, "percent_statements_covered": 100.0, "percent_statements_covered_display": "100.00"}, "missing_lines": [], "excluded_lines": []}}, "classes": {"StockQuote": {"executed_lines": [], "summary": {"covered_lines": 0, "num_statements": 0, "percent_covered": 100.0, "percent_covered_display": "100.00", "missing_lines": 0, "excluded_lines": 0, "percent_statements_covered": 100.0, "percent_statements_covered_display": "100.00"}, "missing_lines": [], "excluded_lines": []}, "HistoricalData": {"executed_lines": [], "summary": {"covered_lines": 0, "num_statements": 0, "percent_covered": 100.0, "percent_covered_display": "100.00", "missing_lines": 0, "excluded_lines": 0, "percent_statements_covered": 100.0, "percent_statements_covered_display": "100.00"}, "missing_lines": [], "excluded_lines": []}, "StockMetrics": {"executed_lines": [], "summary": {"covered_lines": 0, "num_statements": 0, "percent_covered": 100.0, "percent_covered_display": "100.00", "missing_lines": 0, "excluded_lines": 0, "percent_statements_covered": 100.0, "percent_statements_covered_display": "100.00"}, "missing_lines": [], "excluded_lines": []}, "": {"executed_lines": [1, 4, 5, 6, 7, 8, 10, 11, 13, 14, 15, 16, 17, 18, 19, 20, 21, 22, 23, 24, 25, 27, 28, 29, 30, 31, 32, 33, 34, 36, 37, 38, 39, 40, 41, 42, 43, 44, 45, 46, 47, 48, 50, 51, 62, 63, 79, 80, 99, 100, 106, 107], "summary": {"covered_lines": 51, "num_statements": 69, "percent_covered": 73.91304347826087, "percent_covered_display": "73.91", "missing_lines": 18, "excluded_lines": 0, "percent_statements_covered": 73.91304347826087, "percent_statements_covered_display": "73.91"}, "missing_lines": [57, 58, 59, 60, 71, 72, 74, 75, 77, 92, 94, 95, 97, 104, 111, 112, 113, 114], "excluded_lines": []}}}, "api/routes/portfolio.py": {"executed_lines": [1, 4, 5, 6, 7, 8, 9, 10, 11, 13, 14, 16, 17, 18, 19, 20, 21, 22, 23, 24, 25, 27, 28, 29, 30, 31, 32, 33, 34, 35, 36, 38, 39, 61, 62, 83, 84, 98, 99, 120, 121], "summary": {"covered_lines": 40, "num_statements": 74, "percent_covered": 54.054054054054056, "percent_covered_display": "54.05", "missing_lines": 34, "excluded_lines": 0, "percent_statements_covered": 54.054054054054056, "percent_statements_covered_display": "54.05"}, "missing_lines": [52, 53, 54, 55, 56, 57, 58, 75, 76, 77, 78, 79, 80, 81, 90, 91, 92, 93, 94, 95, 111, 112, 113, 114, 115, 116, 117, 134, 135, 136, 137, 138, 139, 140], "excluded_lines": [], "functions": {"get_warren_buffett_portfolio": {"executed_lines": [], "summary": {"covered_lines": 0, "num_statements": 7, "percent_covered": 0.0, "percent_covered_display": "0.00", "missing_lines": 7, "excluded_lines": 0, "percent_statements_covered": 0.0, "percent_statements_covered_display": "0.00"}, "missing_lines": [52, 53, 54, 55, 56, 57, 58], "excluded_lines": []}, "get_market_cap_screener": {"executed_lines": [], "summary": {"covered_lines": 0, "num_statements": 7, "percent_covered": 0.0, "percent_covered_display": "0.00", "missing_lines": 7, "excluded_lines": 0, "percent_statements_covered": 0.0, "percent_statements_covered_display": "0.00"}, "missing_lines": [75, 76, 77, 78, 79, 80, 81], "excluded_lines": []}, "get_top_picks": {"executed_lines": [], "summary": {"covered_lines": 0, "num_statements": 6, "percent_covered": 0.0, "percent_covered_display": "0.00", "missing_lines": 6, "excluded_lines": 0, "percent_statements_covered": 0.0, "percent_statements_covered_display": "0.00"}, "missing_lines": [90, 91, 92, 93, 94, 95], "excluded_lines": []}, "get_li_lu_portfolio": {"executed_lines": [], "summary": {"covered_lines": 0, "num_statements": 7, "percent_covered": 0.0, "percent_covered_display": "0.00", "missing_lines": 7, "excluded_lines": 0, "percent_statements_covered": 0.0, "percent_statements_covered_display": "0.00"}, "missing_lines": [111, 112, 113, 114, 115, 116, 117], "excluded_lines": []}, "get_duan_yongping_portfolio": {"executed_lines": [], "summary": {"covered_lines": 0, "num_statements": 7, "percent_covered": 0.0, "percent_covered_display": "0.00", "missing_lines": 7, "excluded_lines": 0, "percent_statements_covered": 0.0, "percent_statements_covered_display": "0.00"}, "missing_lines": [134, 135, 136, 137, 138, 139, 140], "excluded_lines": []}, "": {"executed_lines": [1, 4, 5, 6, 7, 8, 9, 10, 11, 13, 14, 16, 17, 18, 19, 20, 21, 22, 23, 24, 25, 27, 28, 29, 30, 31, 32, 33, 34, 35, 36, 38, 39, 61, 62, 83, 84, 98, 99, 120, 121], "summary": {"covered_lines": 40, "num_statements": 40, "percent_covered": 100.0, "percent_covered_display": "100.00", "missing_lines": 0, "excluded_lines": 0, "percent_statements_covered": 100.0, "percent_statements_covered_display": "100.00"}, "missing_lines": [], "excluded_lines": []}}, "classes": {"PortfolioStock": {"executed_lines": [], "summary": {"covered_lines": 0, "num_statements": 0, "percent_covered": 100.0, "percent_covered_display": "100.00", "missing_lines": 0, "excluded_lines": 0, "percent_statements_covered": 100.0, "percent_statements_covered_display": "100.00"}, "missing_lines": [], "excluded_lines": []}, "PortfolioSummary": {"executed_lines": [], "summary": {"covered_lines": 0, "num_statements": 0, "percent_covered": 100.0, "percent_covered_display": "100.00", "missing_lines": 0, "excluded_lines": 0, "percent_statements_covered": 100.0, "percent_statements_covered_display": "100.00"}, "missing_lines": [], "excluded_lines": []}, "": {"executed_lines": [1, 4, 5, 6, 7, 8, 9, 10, 11, 13, 14, 16, 17, 18, 19, 20, 21, 22, 23, 24, 25, 27, 28, 29, 30, 31, 32, 33, 34, 35, 36, 38, 39, 61, 62, 83, 84, 98, 99, 120, 121], "summary": {"covered_lines": 40, "num_statements": 74, "percent_covered": 54.054054054054056, "percent_covered_display": "54.05", "missing_lines": 34, "excluded_lines": 0, "percent_statements_covered": 54.054054054054056, "percent_statements_covered_display": "54.05"}, "missing_lines": [52, 53, 54, 55, 56, 57, 58, 75, 76, 77, 78, 79, 80, 81, 90, 91, 92, 93, 94, 95, 111, 112, 113, 114, 115, 116, 117, 134, 135, 136, 137, 138, 139, 140], "excluded_lines": []}}}, "api/routes/research.py": {"executed_lines": [1, 5, 6, 7, 8, 9, 10, 11, 12, 13, 14, 15, 16, 18, 19, 22, 31, 32, 33, 40, 42, 43, 51, 54, 55, 63, 64, 65, 66, 67, 68, 69, 70, 71, 72, 73, 74, 75, 77, 78, 122, 123, 147, 148, 167, 168, 170, 171, 174, 176, 177, 178, 180, 182, 183, 186, 188, 189, 190, 191, 192, 194, 195, 199, 200, 206, 207, 208, 209, 210, 211, 212, 213, 218, 219, 222, 228, 232, 233, 235, 236, 237, 240, 244, 256, 287, 288, 310, 311, 341, 342, 373, 374, 622, 623, 711, 712, 713, 714, 715, 718, 719, 720, 721, 722, 723, 724, 727, 728, 904, 905], "summary": {"covered_lines": 107, "num_statements": 360, "percent_covered": 29.72222222222222, "percent_covered_display": "29.72", "missing_lines": 253, "excluded_lines": 0, "percent_statements_covered": 29.72222222222222, "percent_statements_covered_display": "29.72"}, "missing_lines": [24, 25, 26, 27, 57, 58, 59, 61, 90, 91, 93, 94, 95, 97, 105, 106, 108, 110, 111, 113, 114, 115, 117, 118, 119, 120, 125, 126, 127, 128, 129, 137, 139, 140, 142, 144, 145, 150, 151, 152, 153, 154, 155, 156, 157, 158, 159, 160, 161, 162, 164, 165, 172, 196, 201, 202, 203, 214, 215, 216, 220, 229, 230, 241, 246, 247, 248, 249, 250, 251, 252, 253, 258, 259, 262, 275, 276, 277, 278, 279, 281, 282, 283, 284, 290, 291, 293, 294, 295, 296, 298, 303, 304, 305, 306, 307, 313, 314, 316, 317, 318, 319, 324, 326, 327, 332, 333, 334, 335, 336, 344, 346, 347, 349, 352, 353, 354, 355, 358, 359, 360, 361, 362, 364, 365, 367, 368, 369, 370, 371, 376, 378, 379, 382, 383, 385, 386, 387, 388, 389, 390, 391, 393, 394, 395, 396, 398, 399, 400, 401, 402, 403, 404, 405, 406, 407, 409, 410, 411, 412, 413, 414, 415, 416, 418, 420, 421, 533, 534, 535, 536, 537, 538, 541, 613, 614, 616, 617, 618, 619, 620, 638, 639, 640, 649, 652, 659, 661, 662, 670, 672, 674, 676, 677, 678, 681, 682, 683, 684, 685, 687, 698, 699, 700, 701, 741, 743, 745, 746, 755, 758, 759, 760, 769, 776, 782, 783, 784, 785, 794, 797, 801, 802, 804, 807, 808, 823, 828, 829, 830, 835, 846, 847, 848, 849, 851, 859, 860, 861, 865, 874, 875, 876, 877, 886, 888, 889, 890, 891, 895, 907, 908, 909], "excluded_lines": [], "functions": {"_safe_log": {"executed_lines": [], "summary": {"covered_lines": 0, "num_statements": 4, "percent_covered": 0.0, "percent_covered_display": "0.00", "missing_lines": 4, "excluded_lines": 0, "percent_statements_covered": 0.0, "percent_statements_covered_display": "0.00"}, "missing_lines": [24, 25, 26, 27], "excluded_lines": []}, "get_db": {"executed_lines": [], "summary": {"covered_lines": 0, "num_statements": 4, "percent_covered": 0.0, "percent_covered_display": "0.00", "missing_lines": 4, "excluded_lines": 0, "percent_statements_covered": 0.0, "percent_statements_covered_display": "0.00"}, "missing_lines": [57, 58, 59, 61], "excluded_lines": []}, "get_papers": {"executed_lines": [], "summary": {"covered_lines": 0, "num_statements": 18, "percent_covered": 0.0, "percent_covered_display": "0.00", "missing_lines": 18, "excluded_lines": 0, "percent_statements_covered": 0.0, "percent_statements_covered_display": "0.00"}, "missing_lines": [90, 91, 93, 94, 95, 97, 105, 106, 108, 110, 111, 113, 114, 115, 117, 118, 119, 120], "excluded_lines": []}, "get_paper": {"executed_lines": [], "summary": {"covered_lines": 0, "num_statements": 11, "percent_covered": 0.0, "percent_covered_display": "0.00", "missing_lines": 11, "excluded_lines": 0, "percent_statements_covered": 0.0, "percent_statements_covered_display": "0.00"}, "missing_lines": [125, 126, 127, 128, 129, 137, 139, 140, 142, 144, 145], "excluded_lines": []}, "get_stats": {"executed_lines": [], "summary": {"covered_lines": 0, "num_statements": 15, "percent_covered": 0.0, "percent_covered_display": "0.00", "missing_lines": 15, "excluded_lines": 0, "percent_statements_covered": 0.0, "percent_statements_covered_display": "0.00"}, "missing_lines": [150, 151, 152, 153, 154, 155, 156, 157, 158, 159, 160, 161, 162, 164, 165], "excluded_lines": []}, "list_wechat_articles": {"executed_lines": [170, 171, 174, 176, 177, 178, 180, 182, 183, 186, 188, 189, 190, 191, 192, 194, 195, 199, 200, 206, 207, 208, 209, 210, 211, 212, 213, 218, 219, 222, 228], "summary": {"covered_lines": 31, "num_statements": 42, "percent_covered": 73.80952380952381, "percent_covered_display": "73.81", "missing_lines": 11, "excluded_lines": 0, "percent_statements_covered": 73.80952380952381, "percent_statements_covered_display": "73.81"}, "missing_lines": [172, 196, 201, 202, 203, 214, 215, 216, 220, 229, 230], "excluded_lines": []}, "_ensure_wechat_dir": {"executed_lines": [], "summary": {"covered_lines": 0, "num_statements": 1, "percent_covered": 0.0, "percent_covered_display": "0.00", "missing_lines": 1, "excluded_lines": 0, "percent_statements_covered": 0.0, "percent_statements_covered_display": "0.00"}, "missing_lines": [241], "excluded_lines": []}, "_build_wechat_filename": {"executed_lines": [], "summary": {"covered_lines": 0, "num_statements": 8, "percent_covered": 0.0, "percent_covered_display": "0.00", "missing_lines": 8, "excluded_lines": 0, "percent_statements_covered": 0.0, "percent_statements_covered_display": "0.00"}, "missing_lines": [246, 247, 248, 249, 250, 251, 252, 253], "excluded_lines": []}, "_write_article_files": {"executed_lines": [], "summary": {"covered_lines": 0, "num_statements": 12, "percent_covered": 0.0, "percent_covered_display": "0.00", "missing_lines": 12, "excluded_lines": 0, "percent_statements_covered": 0.0, "percent_statements_covered_display": "0.00"}, "missing_lines": [258, 259, 262, 275, 276, 277, 278, 279, 281, 282, 283, 284], "excluded_lines": []}, "create_wechat_article": {"executed_lines": [], "summary": {"covered_lines": 0, "num_statements": 12, "percent_covered": 0.0, "percent_covered_display": "0.00", "missing_lines": 12, "excluded_lines": 0, "percent_statements_covered": 0.0, "percent_statements_covered_display": "0.00"}, "missing_lines": [290, 291, 293, 294, 295, 296, 298, 303, 304, 305, 306, 307], "excluded_lines": []}, "generate_research_paper": {"executed_lines": [], "summary": {"covered_lines": 0, "num_statements": 14, "percent_covered": 0.0, "percent_covered_display": "0.00", "missing_lines": 14, "excluded_lines": 0, "percent_statements_covered": 0.0, "percent_statements_covered_display": "0.00"}, "missing_lines": [313, 314, 316, 317, 318, 319, 324, 326, 327, 332, 333, 334, 335, 336], "excluded_lines": []}, "delete_wechat_article": {"executed_lines": [], "summary": {"covered_lines": 0, "num_statements": 20, "percent_covered": 0.0, "percent_covered_display": "0.00", "missing_lines": 20, "excluded_lines": 0, "percent_statements_covered": 0.0, "percent_statements_covered_display": "0.00"}, "missing_lines": [344, 346, 347, 349, 352, 353, 354, 355, 358, 359, 360, 361, 362, 364, 365, 367, 368, 369, 370, 371], "excluded_lines": []}, "get_wechat_article": {"executed_lines": [], "summary": {"covered_lines": 0, "num_statements": 51, "percent_covered": 0.0, "percent_covered_display": "0.00", "missing_lines": 51, "excluded_lines": 0, "percent_statements_covered": 0.0, "percent_statements_covered_display": "0.00"}, "missing_lines": [376, 378, 379, 382, 383, 385, 386, 387, 388, 389, 390, 391, 393, 394, 395, 396, 398, 399, 400, 401, 402, 403, 404, 405, 406, 407, 409, 410, 411, 412, 413, 414, 415, 416, 418, 420, 421, 533, 534, 535, 536, 537, 538, 541, 613, 614, 616, 617, 618, 619, 620], "excluded_lines": []}, "get_logs": {"executed_lines": [], "summary": {"covered_lines": 0, "num_statements": 24, "percent_covered": 0.0, "percent_covered_display": "0.00", "missing_lines": 24, "excluded_lines": 0, "percent_statements_covered": 0.0, "percent_statements_covered_display": "0.00"}, "missing_lines": [638, 639, 640, 649, 652, 659, 661, 662, 670, 672, 674, 676, 677, 678, 681, 682, 683, 684, 685, 687, 698, 699, 700, 701], "excluded_lines": []}, "search_papers_by_theme": {"executed_lines": [], "summary": {"covered_lines": 0, "num_statements": 45, "percent_covered": 0.0, "percent_covered_display": "0.00", "missing_lines": 45, "excluded_lines": 0, "percent_statements_covered": 0.0, "percent_statements_covered_display": "0.00"}, "missing_lines": [741, 743, 745, 746, 755, 758, 759, 760, 769, 776, 782, 783, 784, 785, 794, 797, 801, 802, 804, 807, 808, 823, 828, 829, 830, 835, 846, 847, 848, 849, 851, 859, 860, 861, 865, 874, 875, 876, 877, 886, 888, 889, 890, 891, 895], "excluded_lines": []}, "theme_search": {"executed_lines": [], "summary": {"covered_lines": 0, "num_statements": 3, "percent_covered": 0.0, "percent_covered_display": "0.00", "missing_lines": 3, "excluded_lines": 0, "percent_statements_covered": 0.0, "percent_statements_covered_display": "0.00"}, "missing_lines": [907, 908, 909], "excluded_lines": []}, "": {"executed_lines": [1, 5, 6, 7, 8, 9, 10, 11, 12, 13, 14, 15, 16, 18, 19, 22, 31, 32, 33, 40, 42, 43, 51, 54, 55, 63, 64, 65, 66, 67, 68, 69, 70, 71, 72, 73, 74, 75, 77, 78, 122, 123, 147, 148, 167, 168, 232, 233, 235, 236, 237, 240, 244, 256, 287, 288, 310, 311, 341, 342, 373, 374, 622, 623, 711, 712, 713, 714, 715, 718, 719, 720, 721, 722, 723, 724, 727, 728, 904, 905], "summary": {"covered_lines": 76, "num_statements": 76, "percent_covered": 100.0, "percent_covered_display": "100.00", "missing_lines": 0, "excluded_lines": 0, "percent_statements_covered": 100.0, "percent_statements_covered_display": "100.00"}, "missing_lines": [], "excluded_lines": []}}, "classes": {"Paper": {"executed_lines": [], "summary": {"covered_lines": 0, "num_statements": 0, "percent_covered": 100.0, "percent_covered_display": "100.00", "missing_lines": 0, "excluded_lines": 0, "percent_statements_covered": 100.0, "percent_statements_covered_display": "100.00"}, "missing_lines": [], "excluded_lines": []}, "WechatArticle": {"executed_lines": [], "summary": {"covered_lines": 0, "num_statements": 0, "percent_covered": 100.0, "percent_covered_display": "100.00", "missing_lines": 0, "excluded_lines": 0, "percent_statements_covered": 100.0, "percent_statements_covered_display": "100.00"}, "missing_lines": [], "excluded_lines": []}, "ThemeSearchRequest": {"executed_lines": [], "summary": {"covered_lines": 0, "num_statements": 0, "percent_covered": 100.0, "percent_covered_display": "100.00", "missing_lines": 0, "excluded_lines": 0, "percent_statements_covered": 100.0, "percent_statements_covered_display": "100.00"}, "missing_lines": [], "excluded_lines": []}, "ThemeSearchResponse": {"executed_lines": [], "summary": {"covered_lines": 0, "num_statements": 0, "percent_covered": 100.0, "percent_covered_display": "100.00", "missing_lines": 0, "excluded_lines": 0, "percent_statements_covered": 100.0, "percent_statements_covered_display": "100.00"}, "missing_lines": [], "excluded_lines": []}, "": {"executed_lines": [1, 5, 6, 7, 8, 9, 10, 11, 12, 13, 14, 15, 16, 18, 19, 22, 31, 32, 33, 40, 42, 43, 51, 54, 55, 63, 64, 65, 66, 67, 68, 69, 70, 71, 72, 73, 74, 75, 77, 78, 122, 123, 147, 148, 167, 168, 170, 171, 174, 176, 177, 178, 180, 182, 183, 186, 188, 189, 190, 191, 192, 194, 195, 199, 200, 206, 207, 208, 209, 210, 211, 212, 213, 218, 219, 222, 228, 232, 233, 235, 236, 237, 240, 244, 256, 287, 288, 310, 311, 341, 342, 373, 374, 622, 623, 711, 712, 713, 714, 715, 718, 719, 720, 721, 722, 723, 724, 727, 728, 904, 905], "summary": {"covered_lines": 107, "num_statements": 360, "percent_covered": 29.72222222222222, "percent_covered_display": "29.72", "missing_lines": 253, "excluded_lines": 0, "percent_statements_covered": 29.72222222222222, "percent_statements_covered_display": "29.72"}, "missing_lines": [24, 25, 26, 27, 57, 58, 59, 61, 90, 91, 93, 94, 95, 97, 105, 106, 108, 110, 111, 113, 114, 115, 117, 118, 119, 120, 125, 126, 127, 128, 129, 137, 139, 140, 142, 144, 145, 150, 151, 152, 153, 154, 155, 156, 157, 158, 159, 160, 161, 162, 164, 165, 172, 196, 201, 202, 203, 214, 215, 216, 220, 229, 230, 241, 246, 247, 248, 249, 250, 251, 252, 253, 258, 259, 262, 275, 276, 277, 278, 279, 281, 282, 283, 284, 290, 291, 293, 294, 295, 296, 298, 303, 304, 305, 306, 307, 313, 314, 316, 317, 318, 319, 324, 326, 327, 332, 333, 334, 335, 336, 344, 346, 347, 349, 352, 353, 354, 355, 358, 359, 360, 361, 362, 364, 365, 367, 368, 369, 370, 371, 376, 378, 379, 382, 383, 385, 386, 387, 388, 389, 390, 391, 393, 394, 395, 396, 398, 399, 400, 401, 402, 403, 404, 405, 406, 407, 409, 410, 411, 412, 413, 414, 415, 416, 418, 420, 421, 533, 534, 535, 536, 537, 538, 541, 613, 614, 616, 617, 618, 619, 620, 638, 639, 640, 649, 652, 659, 661, 662, 670, 672, 674, 676, 677, 678, 681, 682, 683, 684, 685, 687, 698, 699, 700, 701, 741, 743, 745, 746, 755, 758, 759, 760, 769, 776, 782, 783, 784, 785, 794, 797, 801, 802, 804, 807, 808, 823, 828, 829, 830, 835, 846, 847, 848, 849, 851, 859, 860, 861, 865, 874, 875, 876, 877, 886, 888, 889, 890, 891, 895, 907, 908, 909], "excluded_lines": []}}}, "market/__init__.py": {"executed_lines": [1], "summary": {"covered_lines": 0, "num_statements": 0, "percent_covered": 100.0, "percent_covered_display": "100.00", "missing_lines": 0, "excluded_lines": 0, "percent_statements_covered": 100.0, "percent_statements_covered_display": "100.00"}, "missing_lines": [], "excluded_lines": [], "functions": {"": {"executed_lines": [1], "summary": {"covered_lines": 0, "num_statements": 0, "percent_covered": 100.0, "percent_covered_display": "100.00", "missing_lines": 0, "excluded_lines": 0, "percent_statements_covered": 100.0, "percent_statements_covered_display": "100.00"}, "missing_lines": [], "excluded_lines": []}}, "classes": {"": {"executed_lines": [1], "summary": {"covered_lines": 0, "num_statements": 0, "percent_covered": 100.0, "percent_covered_display": "100.00", "missing_lines": 0, "excluded_lines": 0, "percent_statements_covered": 100.0, "percent_statements_covered_display": "100.00"}, "missing_lines": [], "excluded_lines": []}}}, "market/database/__init__.py": {"executed_lines": [], "summary": {"covered_lines": 0, "num_statements": 3, "percent_covered": 0.0, "percent_covered_display": "0.00", "missing_lines": 3, "excluded_lines": 0, "percent_statements_covered": 0.0, "percent_statements_covered_display": "0.00"}, "missing_lines": [4, 5, 7], "excluded_lines": [], "functions": {"": {"executed_lines": [], "summary": {"covered_lines": 0, "num_statements": 3, "percent_covered": 0.0, "percent_covered_display": "0.00", "missing_lines": 3, "excluded_lines": 0, "percent_statements_covered": 0.0, "percent_statements_covered_display": "0.00"}, "missing_lines": [4, 5, 7], "excluded_lines": []}}, "classes": {"": {"executed_lines": [], "summary": {"covered_lines": 0, "num_statements": 3, "percent_covered": 0.0, "percent_covered_display": "0.00", "missing_lines": 3, "excluded_lines": 0, "percent_statements_covered": 0.0, "percent_statements_covered_display": "0.00"}, "missing_lines": [4, 5, 7], "excluded_lines": []}}}, "market/database/connection.py": {"executed_lines": [], "summary": {"covered_lines": 0, "num_statements": 18, "percent_covered": 0.0, "percent_covered_display": "0.00", "missing_lines": 18, "excluded_lines": 0, "percent_statements_covered": 0.0, "percent_statements_covered_display": "0.00"}, "missing_lines": [4, 5, 6, 7, 10, 11, 12, 15, 18, 25, 27, 31, 32, 33, 35, 37, 41, 42], "excluded_lines": [], "functions": {"get_db": {"executed_lines": [], "summary": {"covered_lines": 0, "num_statements": 4, "percent_covered": 0.0, "percent_covered_display": "0.00", "missing_lines": 4, "excluded_lines": 0, "percent_statements_covered": 0.0, "percent_statements_covered_display": "0.00"}, "missing_lines": [31, 32, 33, 35], "excluded_lines": []}, "init_db": {"executed_lines": [], "summary": {"covered_lines": 0, "num_statements": 2, "percent_covered": 0.0, "percent_covered_display": "0.00", "missing_lines": 2, "excluded_lines": 0, "percent_statements_covered": 0.0, "percent_statements_covered_display": "0.00"}, "missing_lines": [41, 42], "excluded_lines": []}, "": {"executed_lines": [], "summary": {"covered_lines": 0, "num_statements": 12, "percent_covered": 0.0, "percent_covered_display": "0.00", "missing_lines": 12, "excluded_lines": 0, "percent_statements_covered": 0.0, "percent_statements_covered_display": "0.00"}, "missing_lines": [4, 5, 6, 7, 10, 11, 12, 15, 18, 25, 27, 37], "excluded_lines": []}}, "classes": {"": {"executed_lines": [], "summary": {"covered_lines": 0, "num_statements": 18, "percent_covered": 0.0, "percent_covered_display": "0.00", "missing_lines": 18, "excluded_lines": 0, "percent_statements_covered": 0.0, "percent_statements_covered_display": "0.00"}, "missing_lines": [4, 5, 6, 7, 10, 11, 12, 15, 18, 25, 27, 31, 32, 33, 35, 37, 41, 42], "excluded_lines": []}}}, "market/database/models.py": {"executed_lines": [], "summary": {"covered_lines": 0, "num_statements": 61, "percent_covered": 0.0, "percent_covered_display": "0.00", "missing_lines": 61, "excluded_lines": 0, "percent_statements_covered": 0.0, "percent_statements_covered_display": "0.00"}, "missing_lines": [4, 5, 6, 7, 9, 11, 13, 15, 16, 17, 18, 19, 20, 21, 22, 23, 26, 27, 29, 31, 33, 34, 35, 36, 37, 38, 39, 40, 41, 44, 46, 48, 50, 51, 52, 53, 54, 55, 56, 59, 61, 63, 65, 66, 67, 68, 69, 70, 71, 72, 75, 76, 78, 80, 82, 83, 84, 85, 86, 87, 88], "excluded_lines": [], "functions": {"": {"executed_lines": [], "summary": {"covered_lines": 0, "num_statements": 61, "percent_covered": 0.0, "percent_covered_display": "0.00", "missing_lines": 61, "excluded_lines": 0, "percent_statements_covered": 0.0, "percent_statements_covered_display": "0.00"}, "missing_lines": [4, 5, 6, 7, 9, 11, 13, 15, 16, 17, 18, 19, 20, 21, 22, 23, 26, 27, 29, 31, 33, 34, 35, 36, 37, 38, 39, 40, 41, 44, 46, 48, 50, 51, 52, 53, 54, 55, 56, 59, 61, 63, 65, 66, 67, 68, 69, 70, 71, 72, 75, 76, 78, 80, 82, 83, 84, 85, 86, 87, 88], "excluded_lines": []}}, "classes": {"Stock": {"executed_lines": [], "summary": {"covered_lines": 0, "num_statements": 0, "percent_covered": 100.0, "percent_covered_display": "100.00", "missing_lines": 0, "excluded_lines": 0, "percent_statements_covered": 100.0, "percent_statements_covered_display": "100.00"}, "missing_lines": [], "excluded_lines": []}, "StockPrice": {"executed_lines": [], "summary": {"covered_lines": 0, "num_statements": 0, "percent_covered": 100.0, "percent_covered_display": "100.00", "missing_lines": 0, "excluded_lines": 0, "percent_statements_covered": 100.0, "percent_statements_covered_display": "100.00"}, "missing_lines": [], "excluded_lines": []}, "Portfolio": {"executed_lines": [], "summary": {"covered_lines": 0, "num_statements": 0, "percent_covered": 100.0, "percent_covered_display": "100.00", "missing_lines": 0, "excluded_lines": 0, "percent_statements_covered": 100.0, "percent_statements_covered_display": "100.00"}, "missing_lines": [], "excluded_lines": []}, "PortfolioItem": {"executed_lines": [], "summary": {"covered_lines": 0, "num_statements": 0, "percent_covered": 100.0, "percent_covered_display": "100.00", "missing_lines": 0, "excluded_lines": 0, "percent_statements_covered": 100.0, "percent_statements_covered_display": "100.00"}, "missing_lines": [], "excluded_lines": []}, "MarketIndex": {"executed_lines": [], "summary": {"covered_lines": 0, "num_statements": 0, "percent_covered": 100.0, "percent_covered_display": "100.00", "missing_lines": 0, "excluded_lines": 0, "percent_statements_covered": 100.0, "percent_statements_covered_display": "100.00"}, "missing_lines": [], "excluded_lines": []}, "": {"executed_lines": [], "summary": {"covered_lines": 0, "num_statements": 61, "percent_covered": 0.0, "percent_covered_display": "0.00", "missing_lines": 61, "excluded_lines": 0, "percent_statements_covered": 0.0, "percent_statements_covered_display": "0.00"}, "missing_lines": [4, 5, 6, 7, 9, 11, 13, 15, 16, 17, 18, 19, 20, 21, 22, 23, 26, 27, 29, 31, 33, 34, 35, 36, 37, 38, 39, 40, 41, 44, 46, 48, 50, 51, 52, 53, 54, 55, 56, 59, 61, 63, 65, 66, 67, 68, 69, 70, 71, 72, 75, 76, 78, 80, 82, 83, 84, 85, 86, 87, 88], "excluded_lines": []}}}, "market/fetchers/__init__.py": {"executed_lines": [1, 4, 6], "summary": {"covered_lines": 2, "num_statements": 2, "percent_covered": 100.0, "percent_covered_display": "100.00", "missing_lines": 0, "excluded_lines": 0, "percent_statements_covered": 100.0, "percent_statements_covered_display": "100.00"}, "missing_lines": [], "excluded_lines": [], "functions": {"": {"executed_lines": [1, 4, 6], "summary": {"covered_lines": 2, "num_statements": 2, "percent_covered": 100.0, "percent_covered_display": "100.00", "missing_lines": 0, "excluded_lines": 0, "percent_statements_covered": 100.0, "percent_statements_covered_display": "100.00"}, "missing_lines": [], "excluded_lines": []}}, "classes": {"": {"executed_lines": [1, 4, 6], "summary": {"covered_lines": 2, "num_statements": 2, "percent_covered": 100.0, "percent_covered_display": "100.00", "missing_lines": 0, "excluded_lines": 0, "percent_statements_covered": 100.0, "percent_statements_covered_display": "100.00"}, "missing_lines": [], "excluded_lines": []}}}, "market/fetchers/futu_fetcher.py": {"executed_lines": [1, 4, 5, 6, 7, 8, 10, 12, 13, 15, 23, 24, 25, 26, 28, 34, 45, 93, 135, 177, 187], "summary": {"covered_lines": 19, "num_statements": 75, "percent_covered": 25.333333333333332, "percent_covered_display": "25.33", "missing_lines": 56, "excluded_lines": 0, "percent_statements_covered": 25.333333333333332, "percent_statements_covered_display": "25.33"}, "missing_lines": [30, 31, 32, 36, 38, 43, 55, 56, 59, 61, 62, 63, 65, 66, 67, 69, 70, 71, 84, 86, 87, 89, 90, 91, 103, 104, 107, 109, 110, 111, 113, 114, 117, 119, 129, 131, 132, 133, 145, 146, 148, 150, 151, 152, 154, 156, 171, 173, 174, 175, 179, 180, 181, 182, 183, 184], "excluded_lines": [], "functions": {"FutuFetcher.__init__": {"executed_lines": [23, 24, 25, 26], "summary": {"covered_lines": 4, "num_statements": 4, "percent_covered": 100.0, "percent_covered_display": "100.00", "missing_lines": 0, "excluded_lines": 0, "percent_statements_covered": 100.0, "percent_statements_covered_display": "100.00"}, "missing_lines": [], "excluded_lines": []}, "FutuFetcher._ensure_quote_connection": {"executed_lines": [], "summary": {"covered_lines": 0, "num_statements": 3, "percent_covered": 0.0, "percent_covered_display": "0.00", "missing_lines": 3, "excluded_lines": 0, "percent_statements_covered": 0.0, "percent_statements_covered_display": "0.00"}, "missing_lines": [30, 31, 32], "excluded_lines": []}, "FutuFetcher._ensure_trade_connection": {"executed_lines": [], "summary": {"covered_lines": 0, "num_statements": 3, "percent_covered": 0.0, "percent_covered_display": "0.00", "missing_lines": 3, "excluded_lines": 0, "percent_statements_covered": 0.0, "percent_statements_covered_display": "0.00"}, "missing_lines": [36, 38, 43], "excluded_lines": []}, "FutuFetcher.get_account_positions": {"executed_lines": [], "summary": {"covered_lines": 0, "num_statements": 18, "percent_covered": 0.0, "percent_covered_display": "0.00", "missing_lines": 18, "excluded_lines": 0, "percent_statements_covered": 0.0, "percent_statements_covered_display": "0.00"}, "missing_lines": [55, 56, 59, 61, 62, 63, 65, 66, 67, 69, 70, 71, 84, 86, 87, 89, 90, 91], "excluded_lines": []}, "FutuFetcher.get_account_info": {"executed_lines": [], "summary": {"covered_lines": 0, "num_statements": 14, "percent_covered": 0.0, "percent_covered_display": "0.00", "missing_lines": 14, "excluded_lines": 0, "percent_statements_covered": 0.0, "percent_statements_covered_display": "0.00"}, "missing_lines": [103, 104, 107, 109, 110, 111, 113, 114, 117, 119, 129, 131, 132, 133], "excluded_lines": []}, "FutuFetcher.get_quote": {"executed_lines": [], "summary": {"covered_lines": 0, "num_statements": 12, "percent_covered": 0.0, "percent_covered_display": "0.00", "missing_lines": 12, "excluded_lines": 0, "percent_statements_covered": 0.0, "percent_statements_covered_display": "0.00"}, "missing_lines": [145, 146, 148, 150, 151, 152, 154, 156, 171, 173, 174, 175], "excluded_lines": []}, "FutuFetcher.close": {"executed_lines": [], "summary": {"covered_lines": 0, "num_statements": 6, "percent_covered": 0.0, "percent_covered_display": "0.00", "missing_lines": 6, "excluded_lines": 0, "percent_statements_covered": 0.0, "percent_statements_covered_display": "0.00"}, "missing_lines": [179, 180, 181, 182, 183, 184], "excluded_lines": []}, "": {"executed_lines": [1, 4, 5, 6, 7, 8, 10, 12, 13, 15, 28, 34, 45, 93, 135, 177, 187], "summary": {"covered_lines": 15, "num_statements": 15, "percent_covered": 100.0, "percent_covered_display": "100.00", "missing_lines": 0, "excluded_lines": 0, "percent_statements_covered": 100.0, "percent_statements_covered_display": "100.00"}, "missing_lines": [], "excluded_lines": []}}, "classes": {"FutuFetcher": {"executed_lines": [23, 24, 25, 26], "summary": {"covered_lines": 4, "num_statements": 60, "percent_covered": 6.666666666666667, "percent_covered_display": "6.67", "missing_lines": 56, "excluded_lines": 0, "percent_statements_covered": 6.666666666666667, "percent_statements_covered_display": "6.67"}, "missing_lines": [30, 31, 32, 36, 38, 43, 55, 56, 59, 61, 62, 63, 65, 66, 67, 69, 70, 71, 84, 86, 87, 89, 90, 91, 103, 104, 107, 109, 110, 111, 113, 114, 117, 119, 129, 131, 132, 133, 145, 146, 148, 150, 151, 152, 154, 156, 171, 173, 174, 175, 179, 180, 181, 182, 183, 184], "excluded_lines": []}, "": {"executed_lines": [1, 4, 5, 6, 7, 8, 10, 12, 13, 15, 28, 34, 45, 93, 135, 177, 187], "summary": {"covered_lines": 15, "num_statements": 15, "percent_covered": 100.0, "percent_covered_display": "100.00", "missing_lines": 0, "excluded_lines": 0, "percent_statements_covered": 100.0, "percent_statements_covered_display": "100.00"}, "missing_lines": [], "excluded_lines": []}}}, "market/fetchers/yfinance_fetcher.py": {"executed_lines": [1, 5, 6, 7, 8, 9, 11, 13, 14, 19, 21, 22, 24, 66, 83, 124, 135, 148, 174, 218], "summary": {"covered_lines": 18, "num_statements": 99, "percent_covered": 18.181818181818183, "percent_covered_display": "18.18", "missing_lines": 81, "excluded_lines": 0, "percent_statements_covered": 18.181818181818183, "percent_statements_covered_display": "18.18"}, "missing_lines": [34, 35, 36, 39, 40, 42, 43, 45, 46, 48, 62, 63, 64, 76, 77, 78, 79, 80, 81, 100, 101, 102, 104, 105, 107, 108, 109, 119, 120, 121, 122, 132, 133, 137, 138, 139, 140, 141, 142, 143, 144, 145, 146, 150, 152, 153, 154, 155, 156, 158, 159, 160, 161, 162, 164, 165, 166, 167, 168, 169, 170, 171, 172, 179, 180, 181, 184, 185, 186, 188, 189, 190, 191, 193, 194, 195, 196, 198, 212, 213, 214], "excluded_lines": [], "functions": {"MarketDataFetcher.__init__": {"executed_lines": [21, 22], "summary": {"covered_lines": 2, "num_statements": 2, "percent_covered": 100.0, "percent_covered_display": "100.00", "missing_lines": 0, "excluded_lines": 0, "percent_statements_covered": 100.0, "percent_statements_covered_display": "100.00"}, "missing_lines": [], "excluded_lines": []}, "MarketDataFetcher.get_quote": {"executed_lines": [], "summary": {"covered_lines": 0, "num_statements": 13, "percent_covered": 0.0, "percent_covered_display": "0.00", "missing_lines": 13, "excluded_lines": 0, "percent_statements_covered": 0.0, "percent_statements_covered_display": "0.00"}, "missing_lines": [34, 35, 36, 39, 40, 42, 43, 45, 46, 48, 62, 63, 64], "excluded_lines": []}, "MarketDataFetcher.get_quotes": {"executed_lines": [], "summary": {"covered_lines": 0, "num_statements": 6, "percent_covered": 0.0, "percent_covered_display": "0.00", "missing_lines": 6, "excluded_lines": 0, "percent_statements_covered": 0.0, "percent_statements_covered_display": "0.00"}, "missing_lines": [76, 77, 78, 79, 80, 81], "excluded_lines": []}, "MarketDataFetcher.get_historical_data": {"executed_lines": [], "summary": {"covered_lines": 0, "num_statements": 12, "percent_covered": 0.0, "percent_covered_display": "0.00", "missing_lines": 12, "excluded_lines": 0, "percent_statements_covered": 0.0, "percent_statements_covered_display": "0.00"}, "missing_lines": [100, 101, 102, 104, 105, 107, 108, 109, 119, 120, 121, 122], "excluded_lines": []}, "MarketDataFetcher.get_trending_stocks": {"executed_lines": [], "summary": {"covered_lines": 0, "num_statements": 2, "percent_covered": 0.0, "percent_covered_display": "0.00", "missing_lines": 2, "excluded_lines": 0, "percent_statements_covered": 0.0, "percent_statements_covered_display": "0.00"}, "missing_lines": [132, 133], "excluded_lines": []}, "MarketDataFetcher._compute_cagr": {"executed_lines": [], "summary": {"covered_lines": 0, "num_statements": 10, "percent_covered": 0.0, "percent_covered_display": "0.00", "missing_lines": 10, "excluded_lines": 0, "percent_statements_covered": 0.0, "percent_statements_covered_display": "0.00"}, "missing_lines": [137, 138, 139, 140, 141, 142, 143, 144, 145, 146], "excluded_lines": []}, "MarketDataFetcher._extract_ebitda_series": {"executed_lines": [], "summary": {"covered_lines": 0, "num_statements": 20, "percent_covered": 0.0, "percent_covered_display": "0.00", "missing_lines": 20, "excluded_lines": 0, "percent_statements_covered": 0.0, "percent_statements_covered_display": "0.00"}, "missing_lines": [150, 152, 153, 154, 155, 156, 158, 159, 160, 161, 162, 164, 165, 166, 167, 168, 169, 170, 171, 172], "excluded_lines": []}, "MarketDataFetcher.get_metrics": {"executed_lines": [], "summary": {"covered_lines": 0, "num_statements": 18, "percent_covered": 0.0, "percent_covered_display": "0.00", "missing_lines": 18, "excluded_lines": 0, "percent_statements_covered": 0.0, "percent_statements_covered_display": "0.00"}, "missing_lines": [179, 180, 181, 184, 185, 186, 188, 189, 190, 191, 193, 194, 195, 196, 198, 212, 213, 214], "excluded_lines": []}, "": {"executed_lines": [1, 5, 6, 7, 8, 9, 11, 13, 14, 19, 24, 66, 83, 124, 135, 148, 174, 218], "summary": {"covered_lines": 16, "num_statements": 16, "percent_covered": 100.0, "percent_covered_display": "100.00", "missing_lines": 0, "excluded_lines": 0, "percent_statements_covered": 100.0, "percent_statements_covered_display": "100.00"}, "missing_lines": [], "excluded_lines": []}}, "classes": {"MarketDataFetcher": {"executed_lines": [21, 22], "summary": {"covered_lines": 2, "num_statements": 83, "percent_covered": 2.4096385542168677, "percent_covered_display": "2.41", "missing_lines": 81, "excluded_lines": 0, "percent_statements_covered": 2.4096385542168677, "percent_statements_covered_display": "2.41"}, "missing_lines": [34, 35, 36, 39, 40, 42, 43, 45, 46, 48, 62, 63, 64, 76, 77, 78, 79, 80, 81, 100, 101, 102, 104, 105, 107, 108, 109, 119, 120, 121, 122, 132, 133, 137, 138, 139, 140, 141, 142, 143, 144, 145, 146, 150, 152, 153, 154, 155, 156, 158, 159, 160, 161, 162, 164, 165, 166, 167, 168, 169, 170, 171, 172, 179, 180, 181, 184, 185, 186, 188, 189, 190, 191, 193, 194, 195, 196, 198, 212, 213, 214], "excluded_lines": []}, "": {"executed_lines": [1, 5, 6, 7, 8, 9, 11, 13, 14, 19, 24, 66, 83, 124, 135, 148, 174, 218], "summary": {"covered_lines": 16, "num_statements": 16, "percent_covered": 100.0, "percent_covered_display": "100.00", "missing_lines": 0, "excluded_lines": 0, "percent_statements_covered": 100.0, "percent_statements_covered_display": "100.00"}, "missing_lines": [], "excluded_lines": []}}}}, "totals": {"covered_lines": 370, "num_statements": 941, "percent_covered": 39.319872476089266, "percent_covered_display": "39.32", "missing_lines": 571, "excluded_lines": 4, "percent_statements_covered": 39.319872476089266, "percent_statements_covered_display": "39.32"}}