{"meta": {"format": 3, "version": "7.13.0", "timestamp": "2025-12-12T01:37:53.211639", "branch_coverage": false, "show_contexts": false}, "files": {"api/__init__.py": {"executed_lines": [1], "summary": {"covered_lines": 0, "num_statements": 0, "percent_covered": 100.0, "percent_covered_display": "100.00", "missing_lines": 0, "excluded_lines": 0, "percent_statements_covered": 100.0, "percent_statements_covered_display": "100.00"}, "missing_lines": [], "excluded_lines": [], "functions": {"": {"executed_lines": [1], "summary": {"covered_lines": 0, "num_statements": 0, "percent_covered": 100.0, "percent_covered_display": "100.00", "missing_lines": 0, "excluded_lines": 0, "percent_statements_covered": 100.0, "percent_statements_covered_display": "100.00"}, "missing_lines": [], "excluded_lines": []}}, "classes": {"": {"executed_lines": [1], "summary": {"covered_lines": 0, "num_statements": 0, "percent_covered": 100.0, "percent_covered_display": "100.00", "missing_lines": 0, "excluded_lines": 0, "percent_statements_covered": 100.0, "percent_statements_covered_display": "100.00"}, "missing_lines": [], "excluded_lines": []}}}, "api/logging_config.py": {"executed_lines": [1, 10, 11, 12, 13, 14, 15, 18, 19, 22, 23, 24, 27, 28, 30, 31, 34, 43, 45, 46, 47, 49, 51, 69, 70, 73, 74, 77, 83, 84, 85, 86, 89, 90, 91, 92, 93, 94, 96, 98, 100, 101, 103, 104, 107, 113, 114, 120, 121, 123, 125, 127, 134, 142, 145, 146, 147, 150, 151, 152, 153], "summary": {"covered_lines": 59, "num_statements": 59, "percent_covered": 100.0, "percent_covered_display": "100.00", "missing_lines": 0, "excluded_lines": 0, "percent_statements_covered": 100.0, "percent_statements_covered_display": "100.00"}, "missing_lines": [], "excluded_lines": [], "functions": {"ColoredFormatter.format": {"executed_lines": [45, 46, 47, 49], "summary": {"covered_lines": 4, "num_statements": 4, "percent_covered": 100.0, "percent_covered_display": "100.00", "missing_lines": 0, "excluded_lines": 0, "percent_statements_covered": 100.0, "percent_statements_covered_display": "100.00"}, "missing_lines": [], "excluded_lines": []}, "setup_logger": {"executed_lines": [69, 70, 73, 74, 77, 83, 84, 85, 86, 89, 90, 91, 92, 93, 94, 96], "summary": {"covered_lines": 16, "num_statements": 16, "percent_covered": 100.0, "percent_covered_display": "100.00", "missing_lines": 0, "excluded_lines": 0, "percent_statements_covered": 100.0, "percent_statements_covered_display": "100.00"}, "missing_lines": [], "excluded_lines": []}, "setup_error_logger": {"executed_lines": [100, 101, 103, 104, 107, 113, 114, 120, 121, 123], "summary": {"covered_lines": 10, "num_statements": 10, "percent_covered": 100.0, "percent_covered_display": "100.00", "missing_lines": 0, "excluded_lines": 0, "percent_statements_covered": 100.0, "percent_statements_covered_display": "100.00"}, "missing_lines": [], "excluded_lines": []}, "setup_research_logger": {"executed_lines": [127], "summary": {"covered_lines": 1, "num_statements": 1, "percent_covered": 100.0, "percent_covered_display": "100.00", "missing_lines": 0, "excluded_lines": 0, "percent_statements_covered": 100.0, "percent_statements_covered_display": "100.00"}, "missing_lines": [], "excluded_lines": []}, "get_logger": {"executed_lines": [142], "summary": {"covered_lines": 1, "num_statements": 1, "percent_covered": 100.0, "percent_covered_display": "100.00", "missing_lines": 0, "excluded_lines": 0, "percent_statements_covered": 100.0, "percent_statements_covered_display": "100.00"}, "missing_lines": [], "excluded_lines": []}, "": {"executed_lines": [1, 10, 11, 12, 13, 14, 15, 18, 19, 22, 23, 24, 27, 28, 30, 31, 34, 43, 51, 98, 125, 134, 145, 146, 147, 150, 151, 152, 153], "summary": {"covered_lines": 27, "num_statements": 27, "percent_covered": 100.0, "percent_covered_display": "100.00", "missing_lines": 0, "excluded_lines": 0, "percent_statements_covered": 100.0, "percent_statements_covered_display": "100.00"}, "missing_lines": [], "excluded_lines": []}}, "classes": {"ColoredFormatter": {"executed_lines": [45, 46, 47, 49], "summary": {"covered_lines": 4, "num_statements": 4, "percent_covered": 100.0, "percent_covered_display": "100.00", "missing_lines": 0, "excluded_lines": 0, "percent_statements_covered": 100.0, "percent_statements_covered_display": "100.00"}, "missing_lines": [], "excluded_lines": []}, "": {"executed_lines": [1, 10, 11, 12, 13, 14, 15, 18, 19, 22, 23, 24, 27, 28, 30, 31, 34, 43, 51, 69, 70, 73, 74, 77, 83, 84, 85, 86, 89, 90, 91, 92, 93, 94, 96, 98, 100, 101, 103, 104, 107, 113, 114, 120, 121, 123, 125, 127, 134, 142, 145, 146, 147, 150, 151, 152, 153], "summary": {"covered_lines": 55, "num_statements": 55, "percent_covered": 100.0, "percent_covered_display": "100.00", "missing_lines": 0, "excluded_lines": 0, "percent_statements_covered": 100.0, "percent_statements_covered_display": "100.00"}, "missing_lines": [], "excluded_lines": []}}}, "api/main.py": {"executed_lines": [1, 4, 5, 6, 7, 8, 9, 10, 13, 15, 22, 23, 25, 28, 30, 31, 34, 37, 43, 66, 75, 76, 78, 79, 81, 82, 93, 94, 96, 97, 98, 99, 101, 102, 104, 106], "summary": {"covered_lines": 34, "num_statements": 38, "percent_covered": 89.47368421052632, "percent_covered_display": "89.47", "missing_lines": 4, "excluded_lines": 4, "percent_statements_covered": 89.47368421052632, "percent_statements_covered_display": "89.47"}, "missing_lines": [45, 46, 47, 55], "excluded_lines": [106, 107, 108, 109], "functions": {"log_requests": {"executed_lines": [25, 28, 30, 31, 34, 37, 43], "summary": {"covered_lines": 7, "num_statements": 11, "percent_covered": 63.63636363636363, "percent_covered_display": "63.64", "missing_lines": 4, "excluded_lines": 0, "percent_statements_covered": 63.63636363636363, "percent_statements_covered_display": "63.64"}, "missing_lines": [45, 46, 47, 55], "excluded_lines": []}, "root": {"executed_lines": [81, 82], "summary": {"covered_lines": 2, "num_statements": 2, "percent_covered": 100.0, "percent_covered_display": "100.00", "missing_lines": 0, "excluded_lines": 0, "percent_statements_covered": 100.0, "percent_statements_covered_display": "100.00"}, "missing_lines": [], "excluded_lines": []}, "startup_event": {"executed_lines": [96, 97, 98, 99], "summary": {"covered_lines": 4, "num_statements": 4, "percent_covered": 100.0, "percent_covered_display": "100.00", "missing_lines": 0, "excluded_lines": 0, "percent_statements_covered": 100.0, "percent_statements_covered_display": "100.00"}, "missing_lines": [], "excluded_lines": []}, "shutdown_event": {"executed_lines": [104], "summary": {"covered_lines": 1, "num_statements": 1, "percent_covered": 100.0, "percent_covered_display": "100.00", "missing_lines": 0, "excluded_lines": 0, "percent_statements_covered": 100.0, "percent_statements_covered_display": "100.00"}, "missing_lines": [], "excluded_lines": []}, "": {"executed_lines": [1, 4, 5, 6, 7, 8, 9, 10, 13, 15, 22, 23, 66, 75, 76, 78, 79, 93, 94, 101, 102, 106], "summary": {"covered_lines": 20, "num_statements": 20, "percent_covered": 100.0, "percent_covered_display": "100.00", "missing_lines": 0, "excluded_lines": 4, "percent_statements_covered": 100.0, "percent_statements_covered_display": "100.00"}, "missing_lines": [], "excluded_lines": [106, 107, 108, 109]}}, "classes": {"": {"executed_lines": [1, 4, 5, 6, 7, 8, 9, 10, 13, 15, 22, 23, 25, 28, 30, 31, 34, 37, 43, 66, 75, 76, 78, 79, 81, 82, 93, 94, 96, 97, 98, 99, 101, 102, 104, 106], "summary": {"covered_lines": 34, "num_statements": 38, "percent_covered": 89.47368421052632, "percent_covered_display": "89.47", "missing_lines": 4, "excluded_lines": 4, "percent_statements_covered": 89.47368421052632, "percent_statements_covered_display": "89.47"}, "missing_lines": [45, 46, 47, 55], "excluded_lines": [106, 107, 108, 109]}}}, "api/routes/__init__.py": {"executed_lines": [1], "summary": {"covered_lines": 0, "num_statements": 0, "percent_covered": 100.0, "percent_covered_display": "100.00", "missing_lines": 0, "excluded_lines": 0, "percent_statements_covered": 100.0, "percent_statements_covered_display": "100.00"}, "missing_lines": [], "excluded_lines": [], "functions": {"": {"executed_lines": [1], "summary": {"covered_lines": 0, "num_statements": 0, "percent_covered": 100.0, "percent_covered_display": "100.00", "missing_lines": 0, "excluded_lines": 0, "percent_statements_covered": 100.0, "percent_statements_covered_display": "100.00"}, "missing_lines": [], "excluded_lines": []}}, "classes": {"": {"executed_lines": [1], "summary": {"covered_lines": 0, "num_statements": 0, "percent_covered": 100.0, "percent_covered_display": "100.00", "missing_lines": 0, "excluded_lines": 0, "percent_statements_covered": 100.0, "percent_statements_covered_display": "100.00"}, "missing_lines": [], "excluded_lines": []}}}, "api/routes/market.py": {"executed_lines": [1, 4, 5, 6, 7, 8, 10, 11, 13, 14, 15, 16, 17, 18, 19, 20, 21, 22, 23, 24, 25, 27, 28, 29, 30, 31, 32, 33, 34, 36, 37, 43, 44, 45, 46, 48, 49, 57, 58, 60, 61, 63, 65, 66, 78, 80, 81, 83, 85, 86, 90], "summary": {"covered_lines": 50, "num_statements": 50, "percent_covered": 100.0, "percent_covered_display": "100.00", "missing_lines": 0, "excluded_lines": 0, "percent_statements_covered": 100.0, "percent_statements_covered_display": "100.00"}, "missing_lines": [], "excluded_lines": [], "functions": {"get_stock_quote": {"executed_lines": [43, 44, 45, 46], "summary": {"covered_lines": 4, "num_statements": 4, "percent_covered": 100.0, "percent_covered_display": "100.00", "missing_lines": 0, "excluded_lines": 0, "percent_statements_covered": 100.0, "percent_statements_covered_display": "100.00"}, "missing_lines": [], "excluded_lines": []}, "get_multiple_quotes": {"executed_lines": [57, 58, 60, 61, 63], "summary": {"covered_lines": 5, "num_statements": 5, "percent_covered": 100.0, "percent_covered_display": "100.00", "missing_lines": 0, "excluded_lines": 0, "percent_statements_covered": 100.0, "percent_statements_covered_display": "100.00"}, "missing_lines": [], "excluded_lines": []}, "get_historical_data": {"executed_lines": [78, 80, 81, 83], "summary": {"covered_lines": 4, "num_statements": 4, "percent_covered": 100.0, "percent_covered_display": "100.00", "missing_lines": 0, "excluded_lines": 0, "percent_statements_covered": 100.0, "percent_statements_covered_display": "100.00"}, "missing_lines": [], "excluded_lines": []}, "get_trending_stocks": {"executed_lines": [90], "summary": {"covered_lines": 1, "num_statements": 1, "percent_covered": 100.0, "percent_covered_display": "100.00", "missing_lines": 0, "excluded_lines": 0, "percent_statements_covered": 100.0, "percent_statements_covered_display": "100.00"}, "missing_lines": [], "excluded_lines": []}, "": {"executed_lines": [1, 4, 5, 6, 7, 8, 10, 11, 13, 14, 15, 16, 17, 18, 19, 20, 21, 22, 23, 24, 25, 27, 28, 29, 30, 31, 32, 33, 34, 36, 37, 48, 49, 65, 66, 85, 86], "summary": {"covered_lines": 36, "num_statements": 36, "percent_covered": 100.0, "percent_covered_display": "100.00", "missing_lines": 0, "excluded_lines": 0, "percent_statements_covered": 100.0, "percent_statements_covered_display": "100.00"}, "missing_lines": [], "excluded_lines": []}}, "classes": {"StockQuote": {"executed_lines": [], "summary": {"covered_lines": 0, "num_statements": 0, "percent_covered": 100.0, "percent_covered_display": "100.00", "missing_lines": 0, "excluded_lines": 0, "percent_statements_covered": 100.0, "percent_statements_covered_display": "100.00"}, "missing_lines": [], "excluded_lines": []}, "HistoricalData": {"executed_lines": [], "summary": {"covered_lines": 0, "num_statements": 0, "percent_covered": 100.0, "percent_covered_display": "100.00", "missing_lines": 0, "excluded_lines": 0, "percent_statements_covered": 100.0, "percent_statements_covered_display": "100.00"}, "missing_lines": [], "excluded_lines": []}, "": {"executed_lines": [1, 4, 5, 6, 7, 8, 10, 11, 13, 14, 15, 16, 17, 18, 19, 20, 21, 22, 23, 24, 25, 27, 28, 29, 30, 31, 32, 33, 34, 36, 37, 43, 44, 45, 46, 48, 49, 57, 58, 60, 61, 63, 65, 66, 78, 80, 81, 83, 85, 86, 90], "summary": {"covered_lines": 50, "num_statements": 50, "percent_covered": 100.0, "percent_covered_display": "100.00", "missing_lines": 0, "excluded_lines": 0, "percent_statements_covered": 100.0, "percent_statements_covered_display": "100.00"}, "missing_lines": [], "excluded_lines": []}}}, "api/routes/research.py": {"executed_lines": [1, 5, 6, 7, 8, 9, 10, 11, 12, 13, 14, 15, 17, 18, 22, 23, 24, 31, 33, 34, 42, 44, 45, 46, 47, 48, 49, 50, 51, 52, 53, 54, 55, 56, 58, 59, 71, 72, 74, 75, 76, 78, 86, 87, 89, 91, 92, 93, 95, 96, 97, 99, 100, 101, 102, 104, 105, 107, 108, 109, 110, 112, 121, 122, 124, 125, 127, 129, 130, 132, 133, 135, 136, 137, 139, 142, 143, 146, 147, 150, 151, 154, 155, 157, 158, 160, 161, 163, 164, 166, 167, 168, 170, 172, 173, 174, 176, 178, 179, 182, 183, 184, 186, 187, 188, 189, 190, 191, 196, 202, 203, 204, 206, 207, 223, 225, 227, 229, 237, 239, 240, 241, 242, 251, 254, 263, 264, 267, 268, 270, 271, 272, 277, 289, 291, 300, 301, 302, 303, 312, 314, 315, 316, 317, 321, 332, 333, 334, 335, 337, 338, 340, 342, 345, 346, 349, 350, 351, 352, 353, 354, 356, 357, 360, 366, 367, 369, 385, 386, 388, 393, 394, 396, 397, 399, 401, 404, 407, 408, 409, 410, 413, 414, 415, 416, 417, 419, 420, 422, 423, 424, 425, 426, 428, 429, 431, 433, 437, 438, 440, 442, 443, 446, 447, 448, 452, 455, 456, 457, 458, 461, 464, 467, 470, 473, 476, 477, 478, 479, 480, 481, 482, 483, 485, 487, 490, 604, 606, 607, 609, 610, 613, 685, 686, 688, 689, 690, 694, 695, 710, 711, 712, 721, 724, 731, 733, 734, 742, 744, 746, 748, 749, 750, 759, 770, 771, 772, 773, 783, 784, 785, 786, 787, 790, 791, 792, 793, 794, 795, 796, 799, 800, 813, 815, 817, 818, 827, 830, 831, 832, 841, 847, 853, 854, 855, 856, 865, 868, 869, 884, 888, 889, 890, 895, 906, 907, 908, 909, 911, 919, 920, 921, 925, 934, 935, 936, 937, 946, 948, 949, 950, 951, 955], "summary": {"covered_lines": 310, "num_statements": 322, "percent_covered": 96.27329192546584, "percent_covered_display": "96.27", "missing_lines": 12, "excluded_lines": 0, "percent_statements_covered": 96.27329192546584, "percent_statements_covered_display": "96.27"}, "missing_lines": [192, 193, 194, 402, 434, 691, 692, 753, 754, 755, 756, 757], "excluded_lines": [], "functions": {"get_papers": {"executed_lines": [71, 72, 74, 75, 76, 78, 86, 87, 89, 91, 92, 93, 95, 96, 97, 99, 100, 101, 102], "summary": {"covered_lines": 19, "num_statements": 19, "percent_covered": 100.0, "percent_covered_display": "100.00", "missing_lines": 0, "excluded_lines": 0, "percent_statements_covered": 100.0, "percent_statements_covered_display": "100.00"}, "missing_lines": [], "excluded_lines": []}, "get_paper": {"executed_lines": [107, 108, 109, 110, 112, 121, 122, 124, 125, 127, 129, 130], "summary": {"covered_lines": 12, "num_statements": 12, "percent_covered": 100.0, "percent_covered_display": "100.00", "missing_lines": 0, "excluded_lines": 0, "percent_statements_covered": 100.0, "percent_statements_covered_display": "100.00"}, "missing_lines": [], "excluded_lines": []}, "get_stats": {"executed_lines": [135, 136, 137, 139, 142, 143, 146, 147, 150, 151, 154, 155, 157, 158, 160, 161], "summary": {"covered_lines": 16, "num_statements": 16, "percent_covered": 100.0, "percent_covered_display": "100.00", "missing_lines": 0, "excluded_lines": 0, "percent_statements_covered": 100.0, "percent_statements_covered_display": "100.00"}, "missing_lines": [], "excluded_lines": []}, "list_wechat_articles": {"executed_lines": [166, 167, 168, 170, 172, 173, 174, 176, 178, 179, 182, 183, 184, 186, 187, 188, 189, 190, 191, 196, 202, 203, 204], "summary": {"covered_lines": 23, "num_statements": 26, "percent_covered": 88.46153846153847, "percent_covered_display": "88.46", "missing_lines": 3, "excluded_lines": 0, "percent_statements_covered": 88.46153846153847, "percent_statements_covered_display": "88.46"}, "missing_lines": [192, 193, 194], "excluded_lines": []}, "generate_research_paper": {"executed_lines": [223, 225, 227, 229, 237, 239, 240, 241, 242, 251, 254, 263, 264, 267, 268, 270, 271, 272, 277, 289, 291, 300, 301, 302, 303, 312, 314, 315, 316, 317, 321], "summary": {"covered_lines": 31, "num_statements": 31, "percent_covered": 100.0, "percent_covered_display": "100.00", "missing_lines": 0, "excluded_lines": 0, "percent_statements_covered": 100.0, "percent_statements_covered_display": "100.00"}, "missing_lines": [], "excluded_lines": []}, "create_wechat_article": {"executed_lines": [340, 342, 345, 346, 349, 350, 351, 352, 353, 354, 356, 357, 360, 366, 367, 369, 385, 386, 388, 393, 394], "summary": {"covered_lines": 21, "num_statements": 21, "percent_covered": 100.0, "percent_covered_display": "100.00", "missing_lines": 0, "excluded_lines": 0, "percent_statements_covered": 100.0, "percent_statements_covered_display": "100.00"}, "missing_lines": [], "excluded_lines": []}, "delete_wechat_article": {"executed_lines": [399, 401, 404, 407, 408, 409, 410, 413, 414, 415, 416, 417, 419, 420, 422, 423, 424, 425, 426], "summary": {"covered_lines": 19, "num_statements": 20, "percent_covered": 95.0, "percent_covered_display": "95.00", "missing_lines": 1, "excluded_lines": 0, "percent_statements_covered": 95.0, "percent_statements_covered_display": "95.00"}, "missing_lines": [402], "excluded_lines": []}, "get_wechat_article": {"executed_lines": [431, 433, 437, 438, 440, 442, 443, 446, 447, 448, 452, 455, 456, 457, 458, 461, 464, 467, 470, 473, 476, 477, 478, 479, 480, 481, 482, 483, 485, 487, 490, 604, 606, 607, 609, 610, 613, 685, 686, 688, 689, 690], "summary": {"covered_lines": 42, "num_statements": 45, "percent_covered": 93.33333333333333, "percent_covered_display": "93.33", "missing_lines": 3, "excluded_lines": 0, "percent_statements_covered": 93.33333333333333, "percent_statements_covered_display": "93.33"}, "missing_lines": [434, 691, 692], "excluded_lines": []}, "get_logs": {"executed_lines": [710, 711, 712, 721, 724, 731, 733, 734, 742, 744, 746, 748, 749, 750, 759, 770, 771, 772, 773], "summary": {"covered_lines": 19, "num_statements": 24, "percent_covered": 79.16666666666667, "percent_covered_display": "79.17", "missing_lines": 5, "excluded_lines": 0, "percent_statements_covered": 79.16666666666667, "percent_statements_covered_display": "79.17"}, "missing_lines": [753, 754, 755, 756, 757], "excluded_lines": []}, "search_papers_by_theme": {"executed_lines": [813, 815, 817, 818, 827, 830, 831, 832, 841, 847, 853, 854, 855, 856, 865, 868, 869, 884, 888, 889, 890, 895, 906, 907, 908, 909, 911, 919, 920, 921, 925, 934, 935, 936, 937, 946, 948, 949, 950, 951, 955], "summary": {"covered_lines": 41, "num_statements": 41, "percent_covered": 100.0, "percent_covered_display": "100.00", "missing_lines": 0, "excluded_lines": 0, "percent_statements_covered": 100.0, "percent_statements_covered_display": "100.00"}, "missing_lines": [], "excluded_lines": []}, "": {"executed_lines": [1, 5, 6, 7, 8, 9, 10, 11, 12, 13, 14, 15, 17, 18, 22, 23, 24, 31, 33, 34, 42, 44, 45, 46, 47, 48, 49, 50, 51, 52, 53, 54, 55, 56, 58, 59, 104, 105, 132, 133, 163, 164, 206, 207, 332, 333, 334, 335, 337, 338, 396, 397, 428, 429, 694, 695, 783, 784, 785, 786, 787, 790, 791, 792, 793, 794, 795, 796, 799, 800], "summary": {"covered_lines": 67, "num_statements": 67, "percent_covered": 100.0, "percent_covered_display": "100.00", "missing_lines": 0, "excluded_lines": 0, "percent_statements_covered": 100.0, "percent_statements_covered_display": "100.00"}, "missing_lines": [], "excluded_lines": []}}, "classes": {"Paper": {"executed_lines": [], "summary": {"covered_lines": 0, "num_statements": 0, "percent_covered": 100.0, "percent_covered_display": "100.00", "missing_lines": 0, "excluded_lines": 0, "percent_statements_covered": 100.0, "percent_statements_covered_display": "100.00"}, "missing_lines": [], "excluded_lines": []}, "NewPaper": {"executed_lines": [], "summary": {"covered_lines": 0, "num_statements": 0, "percent_covered": 100.0, "percent_covered_display": "100.00", "missing_lines": 0, "excluded_lines": 0, "percent_statements_covered": 100.0, "percent_statements_covered_display": "100.00"}, "missing_lines": [], "excluded_lines": []}, "ThemeSearchRequest": {"executed_lines": [], "summary": {"covered_lines": 0, "num_statements": 0, "percent_covered": 100.0, "percent_covered_display": "100.00", "missing_lines": 0, "excluded_lines": 0, "percent_statements_covered": 100.0, "percent_statements_covered_display": "100.00"}, "missing_lines": [], "excluded_lines": []}, "ThemeSearchResponse": {"executed_lines": [], "summary": {"covered_lines": 0, "num_statements": 0, "percent_covered": 100.0, "percent_covered_display": "100.00", "missing_lines": 0, "excluded_lines": 0, "percent_statements_covered": 100.0, "percent_statements_covered_display": "100.00"}, "missing_lines": [], "excluded_lines": []}, "": {"executed_lines": [1, 5, 6, 7, 8, 9, 10, 11, 12, 13, 14, 15, 17, 18, 22, 23, 24, 31, 33, 34, 42, 44, 45, 46, 47, 48, 49, 50, 51, 52, 53, 54, 55, 56, 58, 59, 71, 72, 74, 75, 76, 78, 86, 87, 89, 91, 92, 93, 95, 96, 97, 99, 100, 101, 102, 104, 105, 107, 108, 109, 110, 112, 121, 122, 124, 125, 127, 129, 130, 132, 133, 135, 136, 137, 139, 142, 143, 146, 147, 150, 151, 154, 155, 157, 158, 160, 161, 163, 164, 166, 167, 168, 170, 172, 173, 174, 176, 178, 179, 182, 183, 184, 186, 187, 188, 189, 190, 191, 196, 202, 203, 204, 206, 207, 223, 225, 227, 229, 237, 239, 240, 241, 242, 251, 254, 263, 264, 267, 268, 270, 271, 272, 277, 289, 291, 300, 301, 302, 303, 312, 314, 315, 316, 317, 321, 332, 333, 334, 335, 337, 338, 340, 342, 345, 346, 349, 350, 351, 352, 353, 354, 356, 357, 360, 366, 367, 369, 385, 386, 388, 393, 394, 396, 397, 399, 401, 404, 407, 408, 409, 410, 413, 414, 415, 416, 417, 419, 420, 422, 423, 424, 425, 426, 428, 429, 431, 433, 437, 438, 440, 442, 443, 446, 447, 448, 452, 455, 456, 457, 458, 461, 464, 467, 470, 473, 476, 477, 478, 479, 480, 481, 482, 483, 485, 487, 490, 604, 606, 607, 609, 610, 613, 685, 686, 688, 689, 690, 694, 695, 710, 711, 712, 721, 724, 731, 733, 734, 742, 744, 746, 748, 749, 750, 759, 770, 771, 772, 773, 783, 784, 785, 786, 787, 790, 791, 792, 793, 794, 795, 796, 799, 800, 813, 815, 817, 818, 827, 830, 831, 832, 841, 847, 853, 854, 855, 856, 865, 868, 869, 884, 888, 889, 890, 895, 906, 907, 908, 909, 911, 919, 920, 921, 925, 934, 935, 936, 937, 946, 948, 949, 950, 951, 955], "summary": {"covered_lines": 310, "num_statements": 322, "percent_covered": 96.27329192546584, "percent_covered_display": "96.27", "missing_lines": 12, "excluded_lines": 0, "percent_statements_covered": 96.27329192546584, "percent_statements_covered_display": "96.27"}, "missing_lines": [192, 193, 194, 402, 434, 691, 692, 753, 754, 755, 756, 757], "excluded_lines": []}}}, "market/__init__.py": {"executed_lines": [1], "summary": {"covered_lines": 0, "num_statements": 0, "percent_covered": 100.0, "percent_covered_display": "100.00", "missing_lines": 0, "excluded_lines": 0, "percent_statements_covered": 100.0, "percent_statements_covered_display": "100.00"}, "missing_lines": [], "excluded_lines": [], "functions": {"": {"executed_lines": [1], "summary": {"covered_lines": 0, "num_statements": 0, "percent_covered": 100.0, "percent_covered_display": "100.00", "missing_lines": 0, "excluded_lines": 0, "percent_statements_covered": 100.0, "percent_statements_covered_display": "100.00"}, "missing_lines": [], "excluded_lines": []}}, "classes": {"": {"executed_lines": [1], "summary": {"covered_lines": 0, "num_statements": 0, "percent_covered": 100.0, "percent_covered_display": "100.00", "missing_lines": 0, "excluded_lines": 0, "percent_statements_covered": 100.0, "percent_statements_covered_display": "100.00"}, "missing_lines": [], "excluded_lines": []}}}, "market/database/__init__.py": {"executed_lines": [1, 4, 5, 7], "summary": {"covered_lines": 3, "num_statements": 3, "percent_covered": 100.0, "percent_covered_display": "100.00", "missing_lines": 0, "excluded_lines": 0, "percent_statements_covered": 100.0, "percent_statements_covered_display": "100.00"}, "missing_lines": [], "excluded_lines": [], "functions": {"": {"executed_lines": [1, 4, 5, 7], "summary": {"covered_lines": 3, "num_statements": 3, "percent_covered": 100.0, "percent_covered_display": "100.00", "missing_lines": 0, "excluded_lines": 0, "percent_statements_covered": 100.0, "percent_statements_covered_display": "100.00"}, "missing_lines": [], "excluded_lines": []}}, "classes": {"": {"executed_lines": [1, 4, 5, 7], "summary": {"covered_lines": 3, "num_statements": 3, "percent_covered": 100.0, "percent_covered_display": "100.00", "missing_lines": 0, "excluded_lines": 0, "percent_statements_covered": 100.0, "percent_statements_covered_display": "100.00"}, "missing_lines": [], "excluded_lines": []}}}, "market/database/connection.py": {"executed_lines": [1, 4, 5, 6, 7, 10, 11, 12, 15, 18, 25, 27, 31, 32, 33, 35, 37, 41, 42], "summary": {"covered_lines": 18, "num_statements": 18, "percent_covered": 100.0, "percent_covered_display": "100.00", "missing_lines": 0, "excluded_lines": 0, "percent_statements_covered": 100.0, "percent_statements_covered_display": "100.00"}, "missing_lines": [], "excluded_lines": [], "functions": {"get_db": {"executed_lines": [31, 32, 33, 35], "summary": {"covered_lines": 4, "num_statements": 4, "percent_covered": 100.0, "percent_covered_display": "100.00", "missing_lines": 0, "excluded_lines": 0, "percent_statements_covered": 100.0, "percent_statements_covered_display": "100.00"}, "missing_lines": [], "excluded_lines": []}, "init_db": {"executed_lines": [41, 42], "summary": {"covered_lines": 2, "num_statements": 2, "percent_covered": 100.0, "percent_covered_display": "100.00", "missing_lines": 0, "excluded_lines": 0, "percent_statements_covered": 100.0, "percent_statements_covered_display": "100.00"}, "missing_lines": [], "excluded_lines": []}, "": {"executed_lines": [1, 4, 5, 6, 7, 10, 11, 12, 15, 18, 25, 27, 37], "summary": {"covered_lines": 12, "num_statements": 12, "percent_covered": 100.0, "percent_covered_display": "100.00", "missing_lines": 0, "excluded_lines": 0, "percent_statements_covered": 100.0, "percent_statements_covered_display": "100.00"}, "missing_lines": [], "excluded_lines": []}}, "classes": {"": {"executed_lines": [1, 4, 5, 6, 7, 10, 11, 12, 15, 18, 25, 27, 31, 32, 33, 35, 37, 41, 42], "summary": {"covered_lines": 18, "num_statements": 18, "percent_covered": 100.0, "percent_covered_display": "100.00", "missing_lines": 0, "excluded_lines": 0, "percent_statements_covered": 100.0, "percent_statements_covered_display": "100.00"}, "missing_lines": [], "excluded_lines": []}}}, "market/database/models.py": {"executed_lines": [1, 4, 5, 6, 7, 9, 11, 12, 13, 15, 16, 17, 18, 19, 20, 21, 22, 23, 26, 27, 29, 30, 31, 33, 34, 35, 36, 37, 38, 39, 40, 41, 44, 46, 47, 48, 50, 51, 52, 53, 54, 55, 56, 59, 61, 62, 63, 65, 66, 67, 68, 69, 70, 71, 72, 75, 76, 78, 79, 80, 82, 83, 84, 85, 86, 87, 88], "summary": {"covered_lines": 61, "num_statements": 61, "percent_covered": 100.0, "percent_covered_display": "100.00", "missing_lines": 0, "excluded_lines": 0, "percent_statements_covered": 100.0, "percent_statements_covered_display": "100.00"}, "missing_lines": [], "excluded_lines": [], "functions": {"": {"executed_lines": [1, 4, 5, 6, 7, 9, 11, 12, 13, 15, 16, 17, 18, 19, 20, 21, 22, 23, 26, 27, 29, 30, 31, 33, 34, 35, 36, 37, 38, 39, 40, 41, 44, 46, 47, 48, 50, 51, 52, 53, 54, 55, 56, 59, 61, 62, 63, 65, 66, 67, 68, 69, 70, 71, 72, 75, 76, 78, 79, 80, 82, 83, 84, 85, 86, 87, 88], "summary": {"covered_lines": 61, "num_statements": 61, "percent_covered": 100.0, "percent_covered_display": "100.00", "missing_lines": 0, "excluded_lines": 0, "percent_statements_covered": 100.0, "percent_statements_covered_display": "100.00"}, "missing_lines": [], "excluded_lines": []}}, "classes": {"Stock": {"executed_lines": [], "summary": {"covered_lines": 0, "num_statements": 0, "percent_covered": 100.0, "percent_covered_display": "100.00", "missing_lines": 0, "excluded_lines": 0, "percent_statements_covered": 100.0, "percent_statements_covered_display": "100.00"}, "missing_lines": [], "excluded_lines": []}, "StockPrice": {"executed_lines": [], "summary": {"covered_lines": 0, "num_statements": 0, "percent_covered": 100.0, "percent_covered_display": "100.00", "missing_lines": 0, "excluded_lines": 0, "percent_statements_covered": 100.0, "percent_statements_covered_display": "100.00"}, "missing_lines": [], "excluded_lines": []}, "Portfolio": {"executed_lines": [], "summary": {"covered_lines": 0, "num_statements": 0, "percent_covered": 100.0, "percent_covered_display": "100.00", "missing_lines": 0, "excluded_lines": 0, "percent_statements_covered": 100.0, "percent_statements_covered_display": "100.00"}, "missing_lines": [], "excluded_lines": []}, "PortfolioItem": {"executed_lines": [], "summary": {"covered_lines": 0, "num_statements": 0, "percent_covered": 100.0, "percent_covered_display": "100.00", "missing_lines": 0, "excluded_lines": 0, "percent_statements_covered": 100.0, "percent_statements_covered_display": "100.00"}, "missing_lines": [], "excluded_lines": []}, "MarketIndex": {"executed_lines": [], "summary": {"covered_lines": 0, "num_statements": 0, "percent_covered": 100.0, "percent_covered_display": "100.00", "missing_lines": 0, "excluded_lines": 0, "percent_statements_covered": 100.0, "percent_statements_covered_display": "100.00"}, "missing_lines": [], "excluded_lines": []}, "": {"executed_lines": [1, 4, 5, 6, 7, 9, 11, 12, 13, 15, 16, 17, 18, 19, 20, 21, 22, 23, 26, 27, 29, 30, 31, 33, 34, 35, 36, 37, 38, 39, 40, 41, 44, 46, 47, 48, 50, 51, 52, 53, 54, 55, 56, 59, 61, 62, 63, 65, 66, 67, 68, 69, 70, 71, 72, 75, 76, 78, 79, 80, 82, 83, 84, 85, 86, 87, 88], "summary": {"covered_lines": 61, "num_statements": 61, "percent_covered": 100.0, "percent_covered_display": "100.00", "missing_lines": 0, "excluded_lines": 0, "percent_statements_covered": 100.0, "percent_statements_covered_display": "100.00"}, "missing_lines": [], "excluded_lines": []}}}, "market/fetchers/__init__.py": {"executed_lines": [1, 4, 6], "summary": {"covered_lines": 2, "num_statements": 2, "percent_covered": 100.0, "percent_covered_display": "100.00", "missing_lines": 0, "excluded_lines": 0, "percent_statements_covered": 100.0, "percent_statements_covered_display": "100.00"}, "missing_lines": [], "excluded_lines": [], "functions": {"": {"executed_lines": [1, 4, 6], "summary": {"covered_lines": 2, "num_statements": 2, "percent_covered": 100.0, "percent_covered_display": "100.00", "missing_lines": 0, "excluded_lines": 0, "percent_statements_covered": 100.0, "percent_statements_covered_display": "100.00"}, "missing_lines": [], "excluded_lines": []}}, "classes": {"": {"executed_lines": [1, 4, 6], "summary": {"covered_lines": 2, "num_statements": 2, "percent_covered": 100.0, "percent_covered_display": "100.00", "missing_lines": 0, "excluded_lines": 0, "percent_statements_covered": 100.0, "percent_statements_covered_display": "100.00"}, "missing_lines": [], "excluded_lines": []}}}, "market/fetchers/yfinance_fetcher.py": {"executed_lines": [1, 5, 6, 7, 9, 10, 15, 17, 18, 20, 30, 31, 32, 35, 36, 38, 39, 41, 42, 44, 58, 59, 60, 62, 72, 73, 74, 75, 76, 77, 79, 96, 97, 98, 100, 101, 103, 104, 105, 115, 116, 117, 118, 120, 128, 129, 133], "summary": {"covered_lines": 45, "num_statements": 45, "percent_covered": 100.0, "percent_covered_display": "100.00", "missing_lines": 0, "excluded_lines": 0, "percent_statements_covered": 100.0, "percent_statements_covered_display": "100.00"}, "missing_lines": [], "excluded_lines": [], "functions": {"MarketDataFetcher.__init__": {"executed_lines": [17, 18], "summary": {"covered_lines": 2, "num_statements": 2, "percent_covered": 100.0, "percent_covered_display": "100.00", "missing_lines": 0, "excluded_lines": 0, "percent_statements_covered": 100.0, "percent_statements_covered_display": "100.00"}, "missing_lines": [], "excluded_lines": []}, "MarketDataFetcher.get_quote": {"executed_lines": [30, 31, 32, 35, 36, 38, 39, 41, 42, 44, 58, 59, 60], "summary": {"covered_lines": 13, "num_statements": 13, "percent_covered": 100.0, "percent_covered_display": "100.00", "missing_lines": 0, "excluded_lines": 0, "percent_statements_covered": 100.0, "percent_statements_covered_display": "100.00"}, "missing_lines": [], "excluded_lines": []}, "MarketDataFetcher.get_quotes": {"executed_lines": [72, 73, 74, 75, 76, 77], "summary": {"covered_lines": 6, "num_statements": 6, "percent_covered": 100.0, "percent_covered_display": "100.00", "missing_lines": 0, "excluded_lines": 0, "percent_statements_covered": 100.0, "percent_statements_covered_display": "100.00"}, "missing_lines": [], "excluded_lines": []}, "MarketDataFetcher.get_historical_data": {"executed_lines": [96, 97, 98, 100, 101, 103, 104, 105, 115, 116, 117, 118], "summary": {"covered_lines": 12, "num_statements": 12, "percent_covered": 100.0, "percent_covered_display": "100.00", "missing_lines": 0, "excluded_lines": 0, "percent_statements_covered": 100.0, "percent_statements_covered_display": "100.00"}, "missing_lines": [], "excluded_lines": []}, "MarketDataFetcher.get_trending_stocks": {"executed_lines": [128, 129], "summary": {"covered_lines": 2, "num_statements": 2, "percent_covered": 100.0, "percent_covered_display": "100.00", "missing_lines": 0, "excluded_lines": 0, "percent_statements_covered": 100.0, "percent_statements_covered_display": "100.00"}, "missing_lines": [], "excluded_lines": []}, "": {"executed_lines": [1, 5, 6, 7, 9, 10, 15, 20, 62, 79, 120, 133], "summary": {"covered_lines": 10, "num_statements": 10, "percent_covered": 100.0, "percent_covered_display": "100.00", "missing_lines": 0, "excluded_lines": 0, "percent_statements_covered": 100.0, "percent_statements_covered_display": "100.00"}, "missing_lines": [], "excluded_lines": []}}, "classes": {"MarketDataFetcher": {"executed_lines": [17, 18, 30, 31, 32, 35, 36, 38, 39, 41, 42, 44, 58, 59, 60, 72, 73, 74, 75, 76, 77, 96, 97, 98, 100, 101, 103, 104, 105, 115, 116, 117, 118, 128, 129], "summary": {"covered_lines": 35, "num_statements": 35, "percent_covered": 100.0, "percent_covered_display": "100.00", "missing_lines": 0, "excluded_lines": 0, "percent_statements_covered": 100.0, "percent_statements_covered_display": "100.00"}, "missing_lines": [], "excluded_lines": []}, "": {"executed_lines": [1, 5, 6, 7, 9, 10, 15, 20, 62, 79, 120, 133], "summary": {"covered_lines": 10, "num_statements": 10, "percent_covered": 100.0, "percent_covered_display": "100.00", "missing_lines": 0, "excluded_lines": 0, "percent_statements_covered": 100.0, "percent_statements_covered_display": "100.00"}, "missing_lines": [], "excluded_lines": []}}}}, "totals": {"covered_lines": 582, "num_statements": 598, "percent_covered": 97.32441471571906, "percent_covered_display": "97.32", "missing_lines": 16, "excluded_lines": 4, "percent_statements_covered": 97.32441471571906, "percent_statements_covered_display": "97.32"}}